{"meta": {"format": 3, "version": "7.9.2", "timestamp": "2025-07-05T10:31:49.760934", "branch_coverage": false, "show_contexts": false}, "files": {"src/pihole_mcp_server/__init__.py": {"executed_lines": [1, 3, 4, 5, 6, 8, 9], "summary": {"covered_lines": 6, "num_statements": 6, "percent_covered": 100.0, "percent_covered_display": "100", "missing_lines": 0, "excluded_lines": 0}, "missing_lines": [], "excluded_lines": [], "functions": {"": {"executed_lines": [1, 3, 4, 5, 6, 8, 9], "summary": {"covered_lines": 6, "num_statements": 6, "percent_covered": 100.0, "percent_covered_display": "100", "missing_lines": 0, "excluded_lines": 0}, "missing_lines": [], "excluded_lines": []}}, "classes": {"": {"executed_lines": [1, 3, 4, 5, 6, 8, 9], "summary": {"covered_lines": 6, "num_statements": 6, "percent_covered": 100.0, "percent_covered_display": "100", "missing_lines": 0, "excluded_lines": 0}, "missing_lines": [], "excluded_lines": []}}}, "src/pihole_mcp_server/cli.py": {"executed_lines": [1, 3, 4, 5, 6, 8, 9, 10, 11, 12, 13, 14, 16, 17, 25, 28, 30, 31, 32, 33, 34, 35, 36, 37, 38, 42, 43, 44, 45, 46, 47, 48, 49, 50, 51, 52, 53, 54, 55, 58, 59, 60, 65, 66, 95, 96, 99, 100, 105, 111, 115, 119, 124, 129, 135, 136, 137, 149, 150, 152, 153, 154, 158, 159, 160, 166, 169, 172, 183, 185, 186, 187, 188, 189, 191, 194, 195, 196, 197, 198, 199, 201, 204, 205, 207, 208, 211, 212, 218, 219, 222, 223, 224, 225, 235, 236, 237, 239, 244, 245, 248, 249, 251, 258, 259, 260, 262, 263, 264, 265, 266, 267, 268, 269, 270, 271, 272, 273, 274, 275, 277, 280, 281, 282, 284, 285, 286, 287, 288, 290, 293, 294, 295, 296, 306, 307, 308, 310, 312, 317, 318, 320, 321, 322, 323, 325, 329, 332, 333, 334, 335, 344, 345, 346, 348, 350, 351, 353, 354, 357, 358, 363, 368, 369, 370, 381, 382, 383, 385, 386, 387, 389, 390, 391, 392, 393, 394, 395, 396, 398, 399, 400, 402, 403, 404, 406, 407, 413, 414, 415, 416, 426, 428, 429, 430, 432, 433, 434, 437, 438, 439, 440, 441, 446, 447, 450, 451, 452, 453, 462, 464, 465, 466, 468, 469, 470, 471, 473, 475, 476, 477, 478, 479, 480, 482, 483, 484, 485, 486, 487, 489, 494, 496, 499], "summary": {"covered_lines": 233, "num_statements": 247, "percent_covered": 94.33198380566802, "percent_covered_display": "94", "missing_lines": 14, "excluded_lines": 0}, "missing_lines": [155, 167, 214, 215, 216, 326, 327, 409, 410, 442, 444, 490, 491, 500], "excluded_lines": [], "functions": {"handle_errors": {"executed_lines": [30, 31, 55], "summary": {"covered_lines": 3, "num_statements": 3, "percent_covered": 100.0, "percent_covered_display": "100", "missing_lines": 0, "excluded_lines": 0}, "missing_lines": [], "excluded_lines": []}, "handle_errors.wrapper": {"executed_lines": [32, 33, 34, 35, 36, 37, 38, 42, 43, 44, 45, 46, 47, 48, 49, 50, 51, 52, 53, 54], "summary": {"covered_lines": 20, "num_statements": 20, "percent_covered": 100.0, "percent_covered_display": "100", "missing_lines": 0, "excluded_lines": 0}, "missing_lines": [], "excluded_lines": []}, "cli": {"executed_lines": [95, 96], "summary": {"covered_lines": 2, "num_statements": 2, "percent_covered": 100.0, "percent_covered_display": "100", "missing_lines": 0, "excluded_lines": 0}, "missing_lines": [], "excluded_lines": []}, "login": {"executed_lines": [149, 150, 152, 153, 154, 158, 159, 160, 166, 169, 172, 183, 185, 186, 187, 188, 189, 191, 194, 195, 196, 197, 198, 199, 201, 204, 205, 207, 208, 211, 212, 218, 219], "summary": {"covered_lines": 33, "num_statements": 38, "percent_covered": 86.84210526315789, "percent_covered_display": "87", "missing_lines": 5, "excluded_lines": 0}, "missing_lines": [155, 167, 214, 215, 216], "excluded_lines": []}, "status": {"executed_lines": [235, 236, 237, 239, 244, 245, 248, 249, 251, 258, 259, 260, 262, 263, 264, 265, 266, 267, 268, 269, 270, 271, 272, 273, 274, 275, 277, 280, 281, 282, 284, 285, 286, 287, 288, 290], "summary": {"covered_lines": 36, "num_statements": 36, "percent_covered": 100.0, "percent_covered_display": "100", "missing_lines": 0, "excluded_lines": 0}, "missing_lines": [], "excluded_lines": []}, "test": {"executed_lines": [306, 307, 308, 310, 312, 317, 318, 320, 321, 322, 323, 325, 329], "summary": {"covered_lines": 13, "num_statements": 15, "percent_covered": 86.66666666666667, "percent_covered_display": "87", "missing_lines": 2, "excluded_lines": 0}, "missing_lines": [326, 327], "excluded_lines": []}, "enable": {"executed_lines": [344, 345, 346, 348, 350, 351, 353, 354], "summary": {"covered_lines": 8, "num_statements": 8, "percent_covered": 100.0, "percent_covered_display": "100", "missing_lines": 0, "excluded_lines": 0}, "missing_lines": [], "excluded_lines": []}, "disable": {"executed_lines": [381, 382, 383, 385, 386, 387, 389, 390, 391, 392, 393, 394, 395, 396, 398, 399, 400, 402, 403, 404, 406, 407], "summary": {"covered_lines": 22, "num_statements": 24, "percent_covered": 91.66666666666667, "percent_covered_display": "92", "missing_lines": 2, "excluded_lines": 0}, "missing_lines": [409, 410], "excluded_lines": []}, "logout": {"executed_lines": [426, 428, 429, 430, 432, 433, 434, 437, 438, 439, 440, 441, 446, 447], "summary": {"covered_lines": 14, "num_statements": 16, "percent_covered": 87.5, "percent_covered_display": "88", "missing_lines": 2, "excluded_lines": 0}, "missing_lines": [442, 444], "excluded_lines": []}, "info": {"executed_lines": [462, 464, 465, 466, 468, 469, 470, 471, 473, 475, 476, 477, 478, 479, 480, 482, 483, 484, 485, 486, 487, 489], "summary": {"covered_lines": 22, "num_statements": 24, "percent_covered": 91.66666666666667, "percent_covered_display": "92", "missing_lines": 2, "excluded_lines": 0}, "missing_lines": [490, 491], "excluded_lines": []}, "main": {"executed_lines": [496], "summary": {"covered_lines": 1, "num_statements": 1, "percent_covered": 100.0, "percent_covered_display": "100", "missing_lines": 0, "excluded_lines": 0}, "missing_lines": [], "excluded_lines": []}, "": {"executed_lines": [1, 3, 4, 5, 6, 8, 9, 10, 11, 12, 13, 14, 16, 17, 25, 28, 58, 59, 60, 65, 66, 99, 100, 105, 111, 115, 119, 124, 129, 135, 136, 137, 222, 223, 224, 225, 293, 294, 295, 296, 332, 333, 334, 335, 357, 358, 363, 368, 369, 370, 413, 414, 415, 416, 450, 451, 452, 453, 494, 499], "summary": {"covered_lines": 59, "num_statements": 60, "percent_covered": 98.33333333333333, "percent_covered_display": "98", "missing_lines": 1, "excluded_lines": 0}, "missing_lines": [500], "excluded_lines": []}}, "classes": {"": {"executed_lines": [1, 3, 4, 5, 6, 8, 9, 10, 11, 12, 13, 14, 16, 17, 25, 28, 30, 31, 32, 33, 34, 35, 36, 37, 38, 42, 43, 44, 45, 46, 47, 48, 49, 50, 51, 52, 53, 54, 55, 58, 59, 60, 65, 66, 95, 96, 99, 100, 105, 111, 115, 119, 124, 129, 135, 136, 137, 149, 150, 152, 153, 154, 158, 159, 160, 166, 169, 172, 183, 185, 186, 187, 188, 189, 191, 194, 195, 196, 197, 198, 199, 201, 204, 205, 207, 208, 211, 212, 218, 219, 222, 223, 224, 225, 235, 236, 237, 239, 244, 245, 248, 249, 251, 258, 259, 260, 262, 263, 264, 265, 266, 267, 268, 269, 270, 271, 272, 273, 274, 275, 277, 280, 281, 282, 284, 285, 286, 287, 288, 290, 293, 294, 295, 296, 306, 307, 308, 310, 312, 317, 318, 320, 321, 322, 323, 325, 329, 332, 333, 334, 335, 344, 345, 346, 348, 350, 351, 353, 354, 357, 358, 363, 368, 369, 370, 381, 382, 383, 385, 386, 387, 389, 390, 391, 392, 393, 394, 395, 396, 398, 399, 400, 402, 403, 404, 406, 407, 413, 414, 415, 416, 426, 428, 429, 430, 432, 433, 434, 437, 438, 439, 440, 441, 446, 447, 450, 451, 452, 453, 462, 464, 465, 466, 468, 469, 470, 471, 473, 475, 476, 477, 478, 479, 480, 482, 483, 484, 485, 486, 487, 489, 494, 496, 499], "summary": {"covered_lines": 233, "num_statements": 247, "percent_covered": 94.33198380566802, "percent_covered_display": "94", "missing_lines": 14, "excluded_lines": 0}, "missing_lines": [155, 167, 214, 215, 216, 326, 327, 409, 410, 442, 444, 490, 491, 500], "excluded_lines": []}}}, "src/pihole_mcp_server/credential_manager.py": {"executed_lines": [1, 3, 4, 5, 6, 7, 8, 9, 11, 12, 13, 14, 15, 17, 20, 21, 22, 24, 25, 26, 27, 28, 29, 30, 31, 33, 35, 46, 47, 49, 61, 62, 63, 66, 67, 68, 71, 72, 73, 76, 77, 78, 81, 82, 84, 90, 91, 93, 94, 95, 98, 100, 102, 105, 106, 107, 109, 111, 113, 119, 121, 131, 132, 133, 135, 137, 142, 156, 157, 158, 159, 161, 162, 164, 165, 166, 168, 171, 174, 175, 176, 177, 182, 183, 184, 185, 190, 191, 192, 193, 195, 197, 206, 207, 208, 209, 210, 211, 213, 219, 220, 221, 222, 223, 224, 225, 226, 228, 234, 235, 236, 237, 238, 240, 249, 250, 251, 252, 254, 255, 258, 260, 261, 263, 272, 273, 275, 276, 277, 279, 280, 286, 287, 289, 290, 292, 298, 299, 300, 301, 302, 303, 305, 315, 316, 319, 321, 332, 333, 334, 337, 338, 339, 341, 343, 346, 349, 351, 357, 358, 359, 360, 361, 363, 373, 374, 376, 385, 386, 388, 389], "summary": {"covered_lines": 164, "num_statements": 168, "percent_covered": 97.61904761904762, "percent_covered_display": "98", "missing_lines": 4, "excluded_lines": 0}, "missing_lines": [178, 179, 186, 187], "excluded_lines": [], "functions": {"StoredCredentials.to_pihole_config": {"executed_lines": [35], "summary": {"covered_lines": 1, "num_statements": 1, "percent_covered": 100.0, "percent_covered_display": "100", "missing_lines": 0, "excluded_lines": 0}, "missing_lines": [], "excluded_lines": []}, "StoredCredentials.from_pihole_config": {"executed_lines": [49], "summary": {"covered_lines": 1, "num_statements": 1, "percent_covered": 100.0, "percent_covered_display": "100", "missing_lines": 0, "excluded_lines": 0}, "missing_lines": [], "excluded_lines": []}, "CredentialManager.__init__": {"executed_lines": [90, 91, 93, 94, 95, 98], "summary": {"covered_lines": 6, "num_statements": 6, "percent_covered": 100.0, "percent_covered_display": "100", "missing_lines": 0, "excluded_lines": 0}, "missing_lines": [], "excluded_lines": []}, "CredentialManager._ensure_config_dir": {"executed_lines": [102, 105, 106, 107, 109], "summary": {"covered_lines": 5, "num_statements": 5, "percent_covered": 100.0, "percent_covered_display": "100", "missing_lines": 0, "excluded_lines": 0}, "missing_lines": [], "excluded_lines": []}, "CredentialManager._derive_key": {"executed_lines": [113, 119], "summary": {"covered_lines": 2, "num_statements": 2, "percent_covered": 100.0, "percent_covered_display": "100", "missing_lines": 0, "excluded_lines": 0}, "missing_lines": [], "excluded_lines": []}, "CredentialManager._encrypt_data": {"executed_lines": [131, 132, 133, 135, 137], "summary": {"covered_lines": 5, "num_statements": 5, "percent_covered": 100.0, "percent_covered_display": "100", "missing_lines": 0, "excluded_lines": 0}, "missing_lines": [], "excluded_lines": []}, "CredentialManager._decrypt_data": {"executed_lines": [156, 157, 158, 159, 161, 162, 164, 165, 166], "summary": {"covered_lines": 9, "num_statements": 9, "percent_covered": 100.0, "percent_covered_display": "100", "missing_lines": 0, "excluded_lines": 0}, "missing_lines": [], "excluded_lines": []}, "CredentialManager._get_machine_id": {"executed_lines": [171, 174, 175, 176, 177, 182, 183, 184, 185, 190, 191, 192, 193, 195], "summary": {"covered_lines": 14, "num_statements": 18, "percent_covered": 77.77777777777777, "percent_covered_display": "78", "missing_lines": 4, "excluded_lines": 0}, "missing_lines": [178, 179, 186, 187], "excluded_lines": []}, "CredentialManager._try_keyring_storage": {"executed_lines": [206, 207, 208, 209, 210, 211], "summary": {"covered_lines": 6, "num_statements": 6, "percent_covered": 100.0, "percent_covered_display": "100", "missing_lines": 0, "excluded_lines": 0}, "missing_lines": [], "excluded_lines": []}, "CredentialManager._try_keyring_retrieval": {"executed_lines": [219, 220, 221, 222, 223, 224, 225, 226], "summary": {"covered_lines": 8, "num_statements": 8, "percent_covered": 100.0, "percent_covered_display": "100", "missing_lines": 0, "excluded_lines": 0}, "missing_lines": [], "excluded_lines": []}, "CredentialManager._try_keyring_deletion": {"executed_lines": [234, 235, 236, 237, 238], "summary": {"covered_lines": 5, "num_statements": 5, "percent_covered": 100.0, "percent_covered_display": "100", "missing_lines": 0, "excluded_lines": 0}, "missing_lines": [], "excluded_lines": []}, "CredentialManager._store_file_credentials": {"executed_lines": [249, 250, 251, 252, 254, 255, 258, 260, 261], "summary": {"covered_lines": 9, "num_statements": 9, "percent_covered": 100.0, "percent_covered_display": "100", "missing_lines": 0, "excluded_lines": 0}, "missing_lines": [], "excluded_lines": []}, "CredentialManager._load_file_credentials": {"executed_lines": [272, 273, 275, 276, 277, 279, 280, 286, 287, 289, 290], "summary": {"covered_lines": 11, "num_statements": 11, "percent_covered": 100.0, "percent_covered_display": "100", "missing_lines": 0, "excluded_lines": 0}, "missing_lines": [], "excluded_lines": []}, "CredentialManager._delete_file_credentials": {"executed_lines": [298, 299, 300, 301, 302, 303], "summary": {"covered_lines": 6, "num_statements": 6, "percent_covered": 100.0, "percent_covered_display": "100", "missing_lines": 0, "excluded_lines": 0}, "missing_lines": [], "excluded_lines": []}, "CredentialManager.store_credentials": {"executed_lines": [315, 316, 319], "summary": {"covered_lines": 3, "num_statements": 3, "percent_covered": 100.0, "percent_covered_display": "100", "missing_lines": 0, "excluded_lines": 0}, "missing_lines": [], "excluded_lines": []}, "CredentialManager.load_credentials": {"executed_lines": [332, 333, 334, 337, 338, 339, 341], "summary": {"covered_lines": 7, "num_statements": 7, "percent_covered": 100.0, "percent_covered_display": "100", "missing_lines": 0, "excluded_lines": 0}, "missing_lines": [], "excluded_lines": []}, "CredentialManager.delete_credentials": {"executed_lines": [346, 349], "summary": {"covered_lines": 2, "num_statements": 2, "percent_covered": 100.0, "percent_covered_display": "100", "missing_lines": 0, "excluded_lines": 0}, "missing_lines": [], "excluded_lines": []}, "CredentialManager.has_credentials": {"executed_lines": [357, 358, 359, 360, 361], "summary": {"covered_lines": 5, "num_statements": 5, "percent_covered": 100.0, "percent_covered_display": "100", "missing_lines": 0, "excluded_lines": 0}, "missing_lines": [], "excluded_lines": []}, "CredentialManager.get_pihole_config": {"executed_lines": [373, 374], "summary": {"covered_lines": 2, "num_statements": 2, "percent_covered": 100.0, "percent_covered_display": "100", "missing_lines": 0, "excluded_lines": 0}, "missing_lines": [], "excluded_lines": []}, "CredentialManager.store_pihole_config": {"executed_lines": [385, 386, 388, 389], "summary": {"covered_lines": 4, "num_statements": 4, "percent_covered": 100.0, "percent_covered_display": "100", "missing_lines": 0, "excluded_lines": 0}, "missing_lines": [], "excluded_lines": []}, "": {"executed_lines": [1, 3, 4, 5, 6, 7, 8, 9, 11, 12, 13, 14, 15, 17, 20, 21, 22, 24, 25, 26, 27, 28, 29, 30, 31, 33, 46, 47, 61, 62, 63, 66, 67, 68, 71, 72, 73, 76, 77, 78, 81, 82, 84, 100, 111, 121, 142, 168, 197, 213, 228, 240, 263, 292, 305, 321, 343, 351, 363, 376], "summary": {"covered_lines": 53, "num_statements": 53, "percent_covered": 100.0, "percent_covered_display": "100", "missing_lines": 0, "excluded_lines": 0}, "missing_lines": [], "excluded_lines": []}}, "classes": {"StoredCredentials": {"executed_lines": [35, 49], "summary": {"covered_lines": 2, "num_statements": 2, "percent_covered": 100.0, "percent_covered_display": "100", "missing_lines": 0, "excluded_lines": 0}, "missing_lines": [], "excluded_lines": []}, "CredentialError": {"executed_lines": [], "summary": {"covered_lines": 0, "num_statements": 0, "percent_covered": 100.0, "percent_covered_display": "100", "missing_lines": 0, "excluded_lines": 0}, "missing_lines": [], "excluded_lines": []}, "CredentialNotFoundError": {"executed_lines": [], "summary": {"covered_lines": 0, "num_statements": 0, "percent_covered": 100.0, "percent_covered_display": "100", "missing_lines": 0, "excluded_lines": 0}, "missing_lines": [], "excluded_lines": []}, "CredentialStorageError": {"executed_lines": [], "summary": {"covered_lines": 0, "num_statements": 0, "percent_covered": 100.0, "percent_covered_display": "100", "missing_lines": 0, "excluded_lines": 0}, "missing_lines": [], "excluded_lines": []}, "CredentialDecryptionError": {"executed_lines": [], "summary": {"covered_lines": 0, "num_statements": 0, "percent_covered": 100.0, "percent_covered_display": "100", "missing_lines": 0, "excluded_lines": 0}, "missing_lines": [], "excluded_lines": []}, "CredentialManager": {"executed_lines": [90, 91, 93, 94, 95, 98, 102, 105, 106, 107, 109, 113, 119, 131, 132, 133, 135, 137, 156, 157, 158, 159, 161, 162, 164, 165, 166, 171, 174, 175, 176, 177, 182, 183, 184, 185, 190, 191, 192, 193, 195, 206, 207, 208, 209, 210, 211, 219, 220, 221, 222, 223, 224, 225, 226, 234, 235, 236, 237, 238, 249, 250, 251, 252, 254, 255, 258, 260, 261, 272, 273, 275, 276, 277, 279, 280, 286, 287, 289, 290, 298, 299, 300, 301, 302, 303, 315, 316, 319, 332, 333, 334, 337, 338, 339, 341, 346, 349, 357, 358, 359, 360, 361, 373, 374, 385, 386, 388, 389], "summary": {"covered_lines": 109, "num_statements": 113, "percent_covered": 96.46017699115045, "percent_covered_display": "96", "missing_lines": 4, "excluded_lines": 0}, "missing_lines": [178, 179, 186, 187], "excluded_lines": []}, "": {"executed_lines": [1, 3, 4, 5, 6, 7, 8, 9, 11, 12, 13, 14, 15, 17, 20, 21, 22, 24, 25, 26, 27, 28, 29, 30, 31, 33, 46, 47, 61, 62, 63, 66, 67, 68, 71, 72, 73, 76, 77, 78, 81, 82, 84, 100, 111, 121, 142, 168, 197, 213, 228, 240, 263, 292, 305, 321, 343, 351, 363, 376], "summary": {"covered_lines": 53, "num_statements": 53, "percent_covered": 100.0, "percent_covered_display": "100", "missing_lines": 0, "excluded_lines": 0}, "missing_lines": [], "excluded_lines": []}}}, "src/pihole_mcp_server/pihole_client.py": {"executed_lines": [1, 3, 4, 5, 6, 7, 8, 9, 11, 12, 15, 16, 18, 19, 20, 21, 22, 23, 24, 25, 27, 28, 30, 31, 32, 34, 35, 37, 38, 39, 41, 42, 44, 45, 47, 49, 50, 52, 55, 56, 58, 59, 60, 61, 62, 63, 64, 65, 66, 67, 68, 69, 70, 71, 72, 73, 74, 77, 78, 79, 82, 83, 84, 87, 88, 89, 92, 93, 94, 97, 98, 100, 106, 107, 108, 109, 110, 111, 114, 117, 118, 120, 121, 123, 125, 126, 129, 130, 132, 134, 137, 144, 145, 146, 151, 153, 154, 156, 157, 158, 161, 162, 163, 164, 167, 168, 171, 172, 173, 179, 181, 182, 183, 187, 193, 194, 197, 198, 199, 200, 201, 202, 203, 205, 211, 212, 213, 217, 219, 225, 226, 228, 234, 235, 237, 238, 240, 241, 248, 249, 250, 251, 252, 254, 255, 256, 259, 260, 262, 267, 268, 270, 271, 272, 273, 274, 275, 293, 302, 303, 305, 308, 310, 333, 335, 336, 337, 338, 339, 341, 344, 345, 348, 350, 351, 352, 353, 354, 355, 356, 357, 358, 359, 360, 361, 363, 364, 366, 369, 370, 374, 375, 378, 379, 380, 381, 382, 383, 384, 385, 387, 388, 389, 392, 393, 395, 396, 397, 398, 399, 403, 404, 405, 406, 407, 408, 409, 411, 415, 416, 420, 421, 422, 423, 426, 427, 428, 429, 430, 431, 435, 436, 438, 442, 447, 448, 450, 452, 463, 464, 466, 469, 471, 472, 477, 478, 479, 480, 491, 492, 493, 509, 511, 521, 522, 524, 535, 538, 539, 541, 542, 544, 546, 560, 561, 562, 564, 567, 568, 570, 571, 573, 575, 589, 590, 592, 593, 595, 605, 608, 609, 610, 612, 614, 620, 622, 623, 631, 632, 634, 635, 636, 638, 644, 647, 648, 649, 651, 652, 654, 656, 658, 661, 662, 667, 673, 674, 675, 678], "summary": {"covered_lines": 301, "num_statements": 361, "percent_covered": 83.37950138504155, "percent_covered_display": "83", "missing_lines": 60, "excluded_lines": 0}, "missing_lines": [135, 147, 149, 175, 177, 184, 185, 206, 208, 214, 215, 216, 220, 222, 264, 265, 276, 278, 279, 280, 281, 282, 283, 284, 286, 287, 288, 289, 290, 291, 304, 342, 362, 371, 401, 412, 413, 414, 417, 418, 432, 433, 434, 439, 440, 441, 444, 474, 481, 483, 484, 485, 486, 488, 503, 625, 626, 628, 663, 665], "excluded_lines": [], "functions": {"PiHoleConfig.validate_host": {"executed_lines": [30, 31, 32], "summary": {"covered_lines": 3, "num_statements": 3, "percent_covered": 100.0, "percent_covered_display": "100", "missing_lines": 0, "excluded_lines": 0}, "missing_lines": [], "excluded_lines": []}, "PiHoleConfig.validate_port": {"executed_lines": [37, 38, 39], "summary": {"covered_lines": 3, "num_statements": 3, "percent_covered": 100.0, "percent_covered_display": "100", "missing_lines": 0, "excluded_lines": 0}, "missing_lines": [], "excluded_lines": []}, "PiHoleConfig.base_url": {"executed_lines": [44, 45], "summary": {"covered_lines": 2, "num_statements": 2, "percent_covered": 100.0, "percent_covered_display": "100", "missing_lines": 0, "excluded_lines": 0}, "missing_lines": [], "excluded_lines": []}, "PiHoleConfig.get_api_url": {"executed_lines": [49, 50, 52], "summary": {"covered_lines": 3, "num_statements": 3, "percent_covered": 100.0, "percent_covered_display": "100", "missing_lines": 0, "excluded_lines": 0}, "missing_lines": [], "excluded_lines": []}, "PiHoleClient.__init__": {"executed_lines": [106, 107, 108, 109, 110, 111, 114, 117, 118, 120, 121], "summary": {"covered_lines": 11, "num_statements": 11, "percent_covered": 100.0, "percent_covered_display": "100", "missing_lines": 0, "excluded_lines": 0}, "missing_lines": [], "excluded_lines": []}, "PiHoleClient._get_session_cache_file": {"executed_lines": [125, 126, 129, 130], "summary": {"covered_lines": 4, "num_statements": 4, "percent_covered": 100.0, "percent_covered_display": "100", "missing_lines": 0, "excluded_lines": 0}, "missing_lines": [], "excluded_lines": []}, "PiHoleClient._save_session_cache": {"executed_lines": [134, 137, 144, 145, 146], "summary": {"covered_lines": 5, "num_statements": 8, "percent_covered": 62.5, "percent_covered_display": "62", "missing_lines": 3, "excluded_lines": 0}, "missing_lines": [135, 147, 149], "excluded_lines": []}, "PiHoleClient._load_cached_session": {"executed_lines": [153, 154, 156, 157, 158, 161, 162, 163, 164, 167, 168, 171, 172, 173], "summary": {"covered_lines": 14, "num_statements": 16, "percent_covered": 87.5, "percent_covered_display": "88", "missing_lines": 2, "excluded_lines": 0}, "missing_lines": [175, 177], "excluded_lines": []}, "PiHoleClient._clear_session_cache": {"executed_lines": [181, 182, 183], "summary": {"covered_lines": 3, "num_statements": 5, "percent_covered": 60.0, "percent_covered_display": "60", "missing_lines": 2, "excluded_lines": 0}, "missing_lines": [184, 185], "excluded_lines": []}, "PiHoleClient._detect_api_version": {"executed_lines": [193, 194, 197, 198, 199, 200, 201, 202, 203, 205, 211, 212, 213, 217, 219, 225, 226], "summary": {"covered_lines": 17, "num_statements": 24, "percent_covered": 70.83333333333333, "percent_covered_display": "71", "missing_lines": 7, "excluded_lines": 0}, "missing_lines": [206, 208, 214, 215, 216, 220, 222], "excluded_lines": []}, "PiHoleClient._authenticate_modern": {"executed_lines": [234, 235, 237, 238, 240, 241, 248, 249, 250, 251, 252, 254, 255, 256, 259, 260, 262, 267, 268, 270, 271, 272, 273, 274, 275], "summary": {"covered_lines": 25, "num_statements": 41, "percent_covered": 60.97560975609756, "percent_covered_display": "61", "missing_lines": 16, "excluded_lines": 0}, "missing_lines": [264, 265, 276, 278, 279, 280, 281, 282, 283, 284, 286, 287, 288, 289, 290, 291], "excluded_lines": []}, "PiHoleClient._ensure_authentication": {"executed_lines": [302, 303, 305, 308], "summary": {"covered_lines": 4, "num_statements": 5, "percent_covered": 80.0, "percent_covered_display": "80", "missing_lines": 1, "excluded_lines": 0}, "missing_lines": [304], "excluded_lines": []}, "PiHoleClient._make_request": {"executed_lines": [333, 335, 336, 337, 338, 339, 341, 344, 345, 348, 350, 351, 352, 353, 354, 355, 356, 357, 358, 359, 360, 361, 363, 364, 366, 369, 370, 374, 375, 378, 379, 380, 381, 382, 383, 384, 385, 387, 388, 389, 392, 393, 395, 396, 397, 398, 399, 403, 404, 405, 406, 407, 408, 409, 411, 415, 416, 420, 421, 422, 423, 426, 427, 428, 429, 430, 431, 435, 436, 438, 442, 447, 448, 450], "summary": {"covered_lines": 74, "num_statements": 90, "percent_covered": 82.22222222222223, "percent_covered_display": "82", "missing_lines": 16, "excluded_lines": 0}, "missing_lines": [342, 362, 371, 401, 412, 413, 414, 417, 418, 432, 433, 434, 439, 440, 441, 444], "excluded_lines": []}, "PiHoleClient.get_status": {"executed_lines": [463, 464, 466, 469, 471, 472, 477, 478, 479, 480, 491, 492, 493, 509], "summary": {"covered_lines": 14, "num_statements": 22, "percent_covered": 63.63636363636363, "percent_covered_display": "64", "missing_lines": 8, "excluded_lines": 0}, "missing_lines": [474, 481, 483, 484, 485, 486, 488, 503], "excluded_lines": []}, "PiHoleClient.is_enabled": {"executed_lines": [521, 522], "summary": {"covered_lines": 2, "num_statements": 2, "percent_covered": 100.0, "percent_covered_display": "100", "missing_lines": 0, "excluded_lines": 0}, "missing_lines": [], "excluded_lines": []}, "PiHoleClient.enable": {"executed_lines": [535, 538, 539, 541, 542, 544], "summary": {"covered_lines": 6, "num_statements": 6, "percent_covered": 100.0, "percent_covered_display": "100", "missing_lines": 0, "excluded_lines": 0}, "missing_lines": [], "excluded_lines": []}, "PiHoleClient.disable": {"executed_lines": [560, 561, 562, 564, 567, 568, 570, 571, 573], "summary": {"covered_lines": 9, "num_statements": 9, "percent_covered": 100.0, "percent_covered_display": "100", "missing_lines": 0, "excluded_lines": 0}, "missing_lines": [], "excluded_lines": []}, "PiHoleClient.disable_for_minutes": {"executed_lines": [589, 590, 592, 593], "summary": {"covered_lines": 4, "num_statements": 4, "percent_covered": 100.0, "percent_covered_display": "100", "missing_lines": 0, "excluded_lines": 0}, "missing_lines": [], "excluded_lines": []}, "PiHoleClient.get_version": {"executed_lines": [605, 608, 609, 610, 612], "summary": {"covered_lines": 5, "num_statements": 5, "percent_covered": 100.0, "percent_covered_display": "100", "missing_lines": 0, "excluded_lines": 0}, "missing_lines": [], "excluded_lines": []}, "PiHoleClient.test_connection": {"executed_lines": [620, 622, 623, 631, 632, 634, 635, 636], "summary": {"covered_lines": 8, "num_statements": 11, "percent_covered": 72.72727272727273, "percent_covered_display": "73", "missing_lines": 3, "excluded_lines": 0}, "missing_lines": [625, 626, 628], "excluded_lines": []}, "PiHoleClient.test_authentication": {"executed_lines": [644, 647, 648, 649, 651, 652, 654, 656, 658, 661, 662], "summary": {"covered_lines": 11, "num_statements": 13, "percent_covered": 84.61538461538461, "percent_covered_display": "85", "missing_lines": 2, "excluded_lines": 0}, "missing_lines": [663, 665], "excluded_lines": []}, "PiHoleClient.logout": {"executed_lines": [673, 674, 675, 678], "summary": {"covered_lines": 4, "num_statements": 4, "percent_covered": 100.0, "percent_covered_display": "100", "missing_lines": 0, "excluded_lines": 0}, "missing_lines": [], "excluded_lines": []}, "": {"executed_lines": [1, 3, 4, 5, 6, 7, 8, 9, 11, 12, 15, 16, 18, 19, 20, 21, 22, 23, 24, 25, 27, 28, 34, 35, 41, 42, 47, 55, 56, 58, 59, 60, 61, 62, 63, 64, 65, 66, 67, 68, 69, 70, 71, 72, 73, 74, 77, 78, 79, 82, 83, 84, 87, 88, 89, 92, 93, 94, 97, 98, 100, 123, 132, 151, 179, 187, 228, 293, 310, 452, 511, 524, 546, 575, 595, 614, 638, 667], "summary": {"covered_lines": 70, "num_statements": 70, "percent_covered": 100.0, "percent_covered_display": "100", "missing_lines": 0, "excluded_lines": 0}, "missing_lines": [], "excluded_lines": []}}, "classes": {"PiHoleConfig": {"executed_lines": [30, 31, 32, 37, 38, 39, 44, 45, 49, 50, 52], "summary": {"covered_lines": 11, "num_statements": 11, "percent_covered": 100.0, "percent_covered_display": "100", "missing_lines": 0, "excluded_lines": 0}, "missing_lines": [], "excluded_lines": []}, "PiHoleStatus": {"executed_lines": [], "summary": {"covered_lines": 0, "num_statements": 0, "percent_covered": 100.0, "percent_covered_display": "100", "missing_lines": 0, "excluded_lines": 0}, "missing_lines": [], "excluded_lines": []}, "PiHoleError": {"executed_lines": [], "summary": {"covered_lines": 0, "num_statements": 0, "percent_covered": 100.0, "percent_covered_display": "100", "missing_lines": 0, "excluded_lines": 0}, "missing_lines": [], "excluded_lines": []}, "PiHoleConnectionError": {"executed_lines": [], "summary": {"covered_lines": 0, "num_statements": 0, "percent_covered": 100.0, "percent_covered_display": "100", "missing_lines": 0, "excluded_lines": 0}, "missing_lines": [], "excluded_lines": []}, "PiHoleAPIError": {"executed_lines": [], "summary": {"covered_lines": 0, "num_statements": 0, "percent_covered": 100.0, "percent_covered_display": "100", "missing_lines": 0, "excluded_lines": 0}, "missing_lines": [], "excluded_lines": []}, "PiHoleAuthenticationError": {"executed_lines": [], "summary": {"covered_lines": 0, "num_statements": 0, "percent_covered": 100.0, "percent_covered_display": "100", "missing_lines": 0, "excluded_lines": 0}, "missing_lines": [], "excluded_lines": []}, "PiHoleClient": {"executed_lines": [106, 107, 108, 109, 110, 111, 114, 117, 118, 120, 121, 125, 126, 129, 130, 134, 137, 144, 145, 146, 153, 154, 156, 157, 158, 161, 162, 163, 164, 167, 168, 171, 172, 173, 181, 182, 183, 193, 194, 197, 198, 199, 200, 201, 202, 203, 205, 211, 212, 213, 217, 219, 225, 226, 234, 235, 237, 238, 240, 241, 248, 249, 250, 251, 252, 254, 255, 256, 259, 260, 262, 267, 268, 270, 271, 272, 273, 274, 275, 302, 303, 305, 308, 333, 335, 336, 337, 338, 339, 341, 344, 345, 348, 350, 351, 352, 353, 354, 355, 356, 357, 358, 359, 360, 361, 363, 364, 366, 369, 370, 374, 375, 378, 379, 380, 381, 382, 383, 384, 385, 387, 388, 389, 392, 393, 395, 396, 397, 398, 399, 403, 404, 405, 406, 407, 408, 409, 411, 415, 416, 420, 421, 422, 423, 426, 427, 428, 429, 430, 431, 435, 436, 438, 442, 447, 448, 450, 463, 464, 466, 469, 471, 472, 477, 478, 479, 480, 491, 492, 493, 509, 521, 522, 535, 538, 539, 541, 542, 544, 560, 561, 562, 564, 567, 568, 570, 571, 573, 589, 590, 592, 593, 605, 608, 609, 610, 612, 620, 622, 623, 631, 632, 634, 635, 636, 644, 647, 648, 649, 651, 652, 654, 656, 658, 661, 662, 673, 674, 675, 678], "summary": {"covered_lines": 220, "num_statements": 280, "percent_covered": 78.57142857142857, "percent_covered_display": "79", "missing_lines": 60, "excluded_lines": 0}, "missing_lines": [135, 147, 149, 175, 177, 184, 185, 206, 208, 214, 215, 216, 220, 222, 264, 265, 276, 278, 279, 280, 281, 282, 283, 284, 286, 287, 288, 289, 290, 291, 304, 342, 362, 371, 401, 412, 413, 414, 417, 418, 432, 433, 434, 439, 440, 441, 444, 474, 481, 483, 484, 485, 486, 488, 503, 625, 626, 628, 663, 665], "excluded_lines": []}, "": {"executed_lines": [1, 3, 4, 5, 6, 7, 8, 9, 11, 12, 15, 16, 18, 19, 20, 21, 22, 23, 24, 25, 27, 28, 34, 35, 41, 42, 47, 55, 56, 58, 59, 60, 61, 62, 63, 64, 65, 66, 67, 68, 69, 70, 71, 72, 73, 74, 77, 78, 79, 82, 83, 84, 87, 88, 89, 92, 93, 94, 97, 98, 100, 123, 132, 151, 179, 187, 228, 293, 310, 452, 511, 524, 546, 575, 595, 614, 638, 667], "summary": {"covered_lines": 70, "num_statements": 70, "percent_covered": 100.0, "percent_covered_display": "100", "missing_lines": 0, "excluded_lines": 0}, "missing_lines": [], "excluded_lines": []}}}, "src/pihole_mcp_server/server.py": {"executed_lines": [1, 3, 4, 5, 6, 8, 9, 10, 11, 19, 21, 22, 26, 27, 30, 31, 32, 35, 36, 38, 40, 41, 42, 45, 47, 50, 51, 164, 165, 196, 198, 199, 200, 201, 203, 205, 207, 208, 210, 211, 215, 217, 218, 219, 220, 223, 225, 226, 227, 228, 229, 230, 231, 232, 233, 234, 235, 236, 237, 238, 240, 242, 243, 245, 247, 248, 249, 250, 251, 252, 257, 259, 260, 262, 264, 265, 266, 267, 268, 270, 271, 272, 273, 274, 275, 277, 278, 280, 281, 286, 288, 291, 293, 295, 296, 297, 299, 302, 303, 304, 305, 306, 307, 309, 310, 311, 312, 313, 314, 315, 316, 317, 318, 319, 320, 321, 323, 324, 325, 326, 327, 328, 329, 331, 333, 334, 336, 338, 339, 340, 341, 344, 346, 347, 349, 351, 352, 354, 356, 364, 366, 367, 368, 369, 372, 374, 375, 377, 379, 380, 382, 384, 392, 394, 396, 397, 398, 400, 401, 403, 405, 406, 408, 410, 418, 420, 421, 422, 423, 425, 427, 428, 430, 432, 433, 435, 437, 438, 439, 440, 441, 443, 445, 446, 448, 450, 451, 453, 455, 456, 458, 460, 462, 463, 465, 475, 491, 493, 496], "summary": {"covered_lines": 196, "num_statements": 243, "percent_covered": 80.65843621399176, "percent_covered_display": "81", "missing_lines": 47, "excluded_lines": 0}, "missing_lines": [53, 167, 169, 171, 172, 173, 174, 175, 176, 177, 178, 179, 180, 181, 182, 183, 184, 185, 186, 187, 188, 190, 192, 193, 194, 289, 361, 362, 389, 390, 415, 416, 467, 468, 477, 478, 479, 480, 481, 482, 483, 484, 485, 486, 487, 488, 497], "excluded_lines": [], "functions": {"PiHoleMCPServer.__init__": {"executed_lines": [40, 41, 42, 45], "summary": {"covered_lines": 4, "num_statements": 4, "percent_covered": 100.0, "percent_covered_display": "100", "missing_lines": 0, "excluded_lines": 0}, "missing_lines": [], "excluded_lines": []}, "PiHoleMCPServer._setup_handlers": {"executed_lines": [50, 51, 164, 165], "summary": {"covered_lines": 4, "num_statements": 4, "percent_covered": 100.0, "percent_covered_display": "100", "missing_lines": 0, "excluded_lines": 0}, "missing_lines": [], "excluded_lines": []}, "PiHoleMCPServer._setup_handlers.list_tools": {"executed_lines": [], "summary": {"covered_lines": 0, "num_statements": 1, "percent_covered": 0.0, "percent_covered_display": "0", "missing_lines": 1, "excluded_lines": 0}, "missing_lines": [53], "excluded_lines": []}, "PiHoleMCPServer._setup_handlers.call_tool": {"executed_lines": [], "summary": {"covered_lines": 0, "num_statements": 24, "percent_covered": 0.0, "percent_covered_display": "0", "missing_lines": 24, "excluded_lines": 0}, "missing_lines": [167, 169, 171, 172, 173, 174, 175, 176, 177, 178, 179, 180, 181, 182, 183, 184, 185, 186, 187, 188, 190, 192, 193, 194], "excluded_lines": []}, "PiHoleMCPServer._initialize_client": {"executed_lines": [198, 199, 200, 201, 203], "summary": {"covered_lines": 5, "num_statements": 5, "percent_covered": 100.0, "percent_covered_display": "100", "missing_lines": 0, "excluded_lines": 0}, "missing_lines": [], "excluded_lines": []}, "PiHoleMCPServer._ensure_client_initialized": {"executed_lines": [207, 208, 210, 211], "summary": {"covered_lines": 4, "num_statements": 4, "percent_covered": 100.0, "percent_covered_display": "100", "missing_lines": 0, "excluded_lines": 0}, "missing_lines": [], "excluded_lines": []}, "PiHoleMCPServer._handle_status": {"executed_lines": [217, 218, 219, 220, 223, 225, 226, 227, 228, 229, 230, 231, 232, 233, 234, 235, 236, 237, 238, 240, 242, 243], "summary": {"covered_lines": 22, "num_statements": 22, "percent_covered": 100.0, "percent_covered_display": "100", "missing_lines": 0, "excluded_lines": 0}, "missing_lines": [], "excluded_lines": []}, "PiHoleMCPServer._handle_enable": {"executed_lines": [247, 248, 249, 250, 251, 252, 257, 259, 260], "summary": {"covered_lines": 9, "num_statements": 9, "percent_covered": 100.0, "percent_covered_display": "100", "missing_lines": 0, "excluded_lines": 0}, "missing_lines": [], "excluded_lines": []}, "PiHoleMCPServer._handle_disable": {"executed_lines": [264, 265, 266, 267, 268, 270, 271, 272, 273, 274, 275, 277, 278, 280, 281, 286, 288], "summary": {"covered_lines": 17, "num_statements": 18, "percent_covered": 94.44444444444444, "percent_covered_display": "94", "missing_lines": 1, "excluded_lines": 0}, "missing_lines": [289], "excluded_lines": []}, "PiHoleMCPServer._handle_query_stats": {"executed_lines": [293, 295, 296, 297, 299, 302, 303, 304, 305, 306, 307, 309, 310, 311, 312, 313, 314, 315, 316, 317, 318, 319, 320, 321, 323, 324, 325, 326, 327, 328, 329, 331, 333, 334], "summary": {"covered_lines": 34, "num_statements": 34, "percent_covered": 100.0, "percent_covered_display": "100", "missing_lines": 0, "excluded_lines": 0}, "missing_lines": [], "excluded_lines": []}, "PiHoleMCPServer._handle_top_domains": {"executed_lines": [338, 339, 340, 341, 344, 346, 347, 349, 351, 352, 354, 356], "summary": {"covered_lines": 12, "num_statements": 14, "percent_covered": 85.71428571428571, "percent_covered_display": "86", "missing_lines": 2, "excluded_lines": 0}, "missing_lines": [361, 362], "excluded_lines": []}, "PiHoleMCPServer._handle_top_blocked": {"executed_lines": [366, 367, 368, 369, 372, 374, 375, 377, 379, 380, 382, 384], "summary": {"covered_lines": 12, "num_statements": 14, "percent_covered": 85.71428571428571, "percent_covered_display": "86", "missing_lines": 2, "excluded_lines": 0}, "missing_lines": [389, 390], "excluded_lines": []}, "PiHoleMCPServer._handle_query_types": {"executed_lines": [394, 396, 397, 398, 400, 401, 403, 405, 406, 408, 410], "summary": {"covered_lines": 11, "num_statements": 13, "percent_covered": 84.61538461538461, "percent_covered_display": "85", "missing_lines": 2, "excluded_lines": 0}, "missing_lines": [415, 416], "excluded_lines": []}, "PiHoleMCPServer._handle_version": {"executed_lines": [420, 421, 422, 423, 425, 427, 428, 430, 432, 433], "summary": {"covered_lines": 10, "num_statements": 10, "percent_covered": 100.0, "percent_covered_display": "100", "missing_lines": 0, "excluded_lines": 0}, "missing_lines": [], "excluded_lines": []}, "PiHoleMCPServer._handle_test_connection": {"executed_lines": [437, 438, 439, 440, 441, 443, 445, 446, 448, 450, 451, 453, 455, 456, 458, 460, 462, 463], "summary": {"covered_lines": 18, "num_statements": 18, "percent_covered": 100.0, "percent_covered_display": "100", "missing_lines": 0, "excluded_lines": 0}, "missing_lines": [], "excluded_lines": []}, "PiHoleMCPServer.run": {"executed_lines": [], "summary": {"covered_lines": 0, "num_statements": 2, "percent_covered": 0.0, "percent_covered_display": "0", "missing_lines": 2, "excluded_lines": 0}, "missing_lines": [467, 468], "excluded_lines": []}, "async_main": {"executed_lines": [], "summary": {"covered_lines": 0, "num_statements": 12, "percent_covered": 0.0, "percent_covered_display": "0", "missing_lines": 12, "excluded_lines": 0}, "missing_lines": [477, 478, 479, 480, 481, 482, 483, 484, 485, 486, 487, 488], "excluded_lines": []}, "main": {"executed_lines": [493], "summary": {"covered_lines": 1, "num_statements": 1, "percent_covered": 100.0, "percent_covered_display": "100", "missing_lines": 0, "excluded_lines": 0}, "missing_lines": [], "excluded_lines": []}, "": {"executed_lines": [1, 3, 4, 5, 6, 8, 9, 10, 11, 19, 21, 22, 26, 27, 30, 31, 32, 35, 36, 38, 47, 196, 205, 215, 245, 262, 291, 336, 364, 392, 418, 435, 465, 475, 491, 496], "summary": {"covered_lines": 33, "num_statements": 34, "percent_covered": 97.05882352941177, "percent_covered_display": "97", "missing_lines": 1, "excluded_lines": 0}, "missing_lines": [497], "excluded_lines": []}}, "classes": {"PiHoleToolError": {"executed_lines": [], "summary": {"covered_lines": 0, "num_statements": 0, "percent_covered": 100.0, "percent_covered_display": "100", "missing_lines": 0, "excluded_lines": 0}, "missing_lines": [], "excluded_lines": []}, "PiHoleMCPServer": {"executed_lines": [40, 41, 42, 45, 50, 51, 164, 165, 198, 199, 200, 201, 203, 207, 208, 210, 211, 217, 218, 219, 220, 223, 225, 226, 227, 228, 229, 230, 231, 232, 233, 234, 235, 236, 237, 238, 240, 242, 243, 247, 248, 249, 250, 251, 252, 257, 259, 260, 264, 265, 266, 267, 268, 270, 271, 272, 273, 274, 275, 277, 278, 280, 281, 286, 288, 293, 295, 296, 297, 299, 302, 303, 304, 305, 306, 307, 309, 310, 311, 312, 313, 314, 315, 316, 317, 318, 319, 320, 321, 323, 324, 325, 326, 327, 328, 329, 331, 333, 334, 338, 339, 340, 341, 344, 346, 347, 349, 351, 352, 354, 356, 366, 367, 368, 369, 372, 374, 375, 377, 379, 380, 382, 384, 394, 396, 397, 398, 400, 401, 403, 405, 406, 408, 410, 420, 421, 422, 423, 425, 427, 428, 430, 432, 433, 437, 438, 439, 440, 441, 443, 445, 446, 448, 450, 451, 453, 455, 456, 458, 460, 462, 463], "summary": {"covered_lines": 162, "num_statements": 196, "percent_covered": 82.65306122448979, "percent_covered_display": "83", "missing_lines": 34, "excluded_lines": 0}, "missing_lines": [53, 167, 169, 171, 172, 173, 174, 175, 176, 177, 178, 179, 180, 181, 182, 183, 184, 185, 186, 187, 188, 190, 192, 193, 194, 289, 361, 362, 389, 390, 415, 416, 467, 468], "excluded_lines": []}, "": {"executed_lines": [1, 3, 4, 5, 6, 8, 9, 10, 11, 19, 21, 22, 26, 27, 30, 31, 32, 35, 36, 38, 47, 196, 205, 215, 245, 262, 291, 336, 364, 392, 418, 435, 465, 475, 491, 493, 496], "summary": {"covered_lines": 34, "num_statements": 47, "percent_covered": 72.34042553191489, "percent_covered_display": "72", "missing_lines": 13, "excluded_lines": 0}, "missing_lines": [477, 478, 479, 480, 481, 482, 483, 484, 485, 486, 487, 488, 497], "excluded_lines": []}}}}, "totals": {"covered_lines": 900, "num_statements": 1025, "percent_covered": 87.8048780487805, "percent_covered_display": "88", "missing_lines": 125, "excluded_lines": 0}}