<?xml version="1.0" encoding="UTF-8"?>
<testsuites>
  <testsuite id="0" name="cargo test #0" package="testsuite/cargo test #0" tests="81" errors="0" failures="0" hostname="localhost" timestamp="2025-07-04T13:30:43.272298852Z" time="2.709128495">
    <testcase name="test_file_wrapper_new_no_args" time="0.007275998" classname="filewrapper::tests" />
    <testcase name="test_bytes_not_convertible" time="0.007689778" classname="filewrapper::tests" />
    <testcase name="test_no_fileno" time="0.00055119" classname="filewrapper::tests" />
    <testcase name="test_no_read_method" time="0.000455389" classname="filewrapper::tests" />
    <testcase name="test_send_file_content_length_lt_blocksize" time="0.000801439" classname="filewrapper::tests" />
    <testcase name="test_send_file_updated_content_length" time="0.209774033" classname="filewrapper::tests" />
    <testcase name="test_send_file_default_params" time="0.210528213" classname="filewrapper::tests" />
    <testcase name="test_creation" time="0.00056055" classname="globals::tests" />
    <testcase name="test_clear_pyerr" time="0.0001929" classname="pyutils::tests" />
    <testcase name="test_python_threadinfo" time="0.008052118" classname="pyutils::tests" />
    <testcase name="test_sync_logging" time="0.012796197" classname="pyutils::tests" />
    <testcase name="test_content_length_only_digits" time="0.00011182" classname="request::tests" />
    <testcase name="test_content_length_twice" time="0.00002054" classname="request::tests" />
    <testcase name="test_environ_dict" time="0.00080426" classname="request::tests" />
    <testcase name="test_error_url" time="0.00006561" classname="request::tests" />
    <testcase name="test_get" time="0.00004897" classname="request::tests" />
    <testcase name="test_latin1_path_info" time="0.00004776" classname="request::tests" />
    <testcase name="test_latin1_url" time="0.00004605" classname="request::tests" />
    <testcase name="test_parse_body_once" time="0.00002444" classname="request::tests" />
    <testcase name="test_parse_content_length_transfer_encoding_present" time="0.000031989" classname="request::tests" />
    <testcase name="test_parse_expect_continue" time="0.00025646" classname="request::tests" />
    <testcase name="test_parse_multiple" time="0.00002974" classname="request::tests" />
    <testcase name="test_parsing_stages" time="0.00000085" classname="request::tests" />
    <testcase name="test_post_multipart_formdata" time="0.00036198" classname="request::tests" />
    <testcase name="test_post_simple_form" time="0.00034167" classname="request::tests" />
    <testcase name="test_url_decode" time="0.000052489" classname="request::tests" />
    <testcase name="test_content_length_gt_data_len" time="0.000306169" classname="response::tests" />
    <testcase name="test_content_length_gt_data_len_filewrapper" time="0.00040824" classname="response::tests" />
    <testcase name="test_content_length_gt_data_len_head" time="0.0001792" classname="response::tests" />
    <testcase name="test_content_length_gt_data_len_method_error" time="0.00032242" classname="response::tests" />
    <testcase name="test_async_logging" time="0.230895106" classname="pyutils::tests" />
    <testcase name="test_content_length_gt_data_len_sendfile" time="0.203955534" classname="response::tests" />
    <testcase name="test_create" time="0.00068343" classname="response::tests" />
    <testcase name="test_handle_request" time="0.001237999" classname="response::tests" />
    <testcase name="test_handle_request_application_error" time="0.001366889" classname="response::tests" />
    <testcase name="test_handle_request_bad_request" time="0.00112608" classname="response::tests" />
    <testcase name="test_handle_request_generator" time="0.00139891" classname="response::tests" />
    <testcase name="test_handle_request_multi_chunk_chunked_transfer" time="0.00120341" classname="response::tests" />
    <testcase name="test_handle_request_multi_chunk_content_length" time="0.001065419" classname="response::tests" />
    <testcase name="test_handle_request_result_is_empty_list" time="0.001239519" classname="response::tests" />
    <testcase name="test_iterator" time="0.00043136" classname="response::tests" />
    <testcase name="test_handle_request_result_not_iterable" time="0.001489639" classname="response::tests" />
    <testcase name="test_render_next_chunk_filewrapper" time="0.00062288" classname="response::tests" />
    <testcase name="test_render_next_chunk_no_bytes_in_iterator" time="0.0004317" classname="response::tests" />
    <testcase name="test_set_bad_request" time="0.0000764" classname="response::tests" />
    <testcase name="test_render_next_chunk_no_iterator" time="0.00012703" classname="response::tests" />
    <testcase name="test_set_error" time="0.00010659" classname="response::tests" />
    <testcase name="test_set_pyobject" time="0.0002002" classname="response::tests" />
    <testcase name="test_write_chunk" time="0.00046271" classname="response::tests" />
    <testcase name="test_write_chunk_sendfile" time="0.208317682" classname="response::tests" />
    <testcase name="test_write_chunk_sendfile_no_filewrapper" time="0.208225962" classname="response::tests" />
    <testcase name="test_create_blocking_server" time="0.0011681" classname="server::tests" />
    <testcase name="test_create_server" time="0.00133137" classname="server::tests" />
    <testcase name="test_create_server_socket_activation" time="0.00145982" classname="server::tests" />
    <testcase name="test_handle_read_event" time="0.002181789" classname="server::tests" />
    <testcase name="test_next" time="0.000001" classname="server::tests" />
    <testcase name="test_handle_read_event_too_many_headers" time="0.002692519" classname="server::tests" />
    <testcase name="test_server_poll_once" time="0.102322832" classname="server::tests" />
    <testcase name="startresponse::tests::test_exc_info_is_none" time="0">
      <skipped />
    </testcase>
    <testcase name="test_honour_content_length_header" time="0.00024268" classname="startresponse::tests" />
    <testcase name="test_write" time="0.00010228" classname="startresponse::tests" />
    <testcase name="test_broken_pipe" time="0.0001597" classname="transport::tests" />
    <testcase name="test_listening_unix_accept" time="0.0003321" classname="transport::tests" />
    <testcase name="test_listening_unix_local_addr_string" time="0.000382569" classname="transport::tests" />
    <testcase name="test_local_addr_string_tcp" time="0.000070991" classname="transport::tests" />
    <testcase name="test_local_addr_string_unix" time="0.000129791" classname="transport::tests" />
    <testcase name="test_parse_server_info" time="0.057340775" classname="transport::tests" />
    <testcase name="test_peer_addr_unix" time="0.00027115" classname="transport::tests" />
    <testcase name="test_persistent_connection_expire_reuse_count" time="0.000156771" classname="transport::tests" />
    <testcase name="test_persistent_connection_reuse" time="0.00014186" classname="transport::tests" />
    <testcase name="test_server_poll_once_expect_continue" time="0.202948504" classname="server::tests" />
    <testcase name="test_persistent_connection_write_100_continue" time="0.00034508" classname="transport::tests" />
    <testcase name="test_set_nonblocking" time="0.0001057" classname="transport::tests" />
    <testcase name="test_would_block" time="0.00001991" classname="transport::tests" />
    <testcase name="test_pool_simple" time="0.001688889" classname="workerpool::tests" />
    <testcase name="test_handle_events" time="0.00134293" classname="workers::tests" />
    <testcase name="test_handle_stashed_responses_timeout" time="0.00165565" classname="workers::tests" />
    <testcase name="test_handle_write_event" time="0.000281339" classname="workers::tests" />
    <testcase name="test_non_blocking_worker" time="0.00265939" classname="workers::tests" />
    <testcase name="test_reuse_connection" time="0.000117829" classname="workers::tests" />
    <testcase name="test_persistent_connection_timeout" time="1.000672266" classname="transport::tests" />
  </testsuite>
  <testsuite id="1" name="cargo test #1" package="testsuite/cargo test #1" tests="1" errors="0" failures="0" hostname="localhost" timestamp="2025-07-04T13:30:43.272298852Z" time="0.020546593">
    <testcase name="create_async_logger" time="0.020546593" classname="" />
  </testsuite>
  <testsuite id="2" name="cargo test #2" package="testsuite/cargo test #2" tests="1" errors="0" failures="0" hostname="localhost" timestamp="2025-07-04T13:30:43.272298852Z" time="0.524756495">
    <testcase name="test_serve" time="0.524756495" classname="" />
  </testsuite>
  <testsuite id="3" name="cargo test #3" package="testsuite/cargo test #3" tests="1" errors="0" failures="0" hostname="localhost" timestamp="2025-07-04T13:30:43.272298852Z" time="0.00025598">
    <testcase name="socket_activation" time="0.00025598" classname="" />
  </testsuite>
  <testsuite id="4" name="cargo test #4" package="testsuite/cargo test #4" tests="1" errors="0" failures="0" hostname="localhost" timestamp="2025-07-04T13:30:43.272298852Z" time="0.020679195">
    <testcase name="create_sync_logger" time="0.020679195" classname="" />
  </testsuite>
  <testsuite id="5" name="cargo test #5" package="testsuite/cargo test #5" tests="0" errors="0" failures="0" hostname="localhost" timestamp="2025-07-04T13:30:43.272298852Z" time="0" />
</testsuites>
