{"meta": {"format": 3, "version": "7.9.2", "timestamp": "2025-07-05T11:07:49.623030", "branch_coverage": false, "show_contexts": false}, "files": {"src/pihole_mcp_server/__init__.py": {"executed_lines": [1, 3, 4, 5, 6, 8, 9], "summary": {"covered_lines": 6, "num_statements": 6, "percent_covered": 100.0, "percent_covered_display": "100", "missing_lines": 0, "excluded_lines": 0}, "missing_lines": [], "excluded_lines": [], "functions": {"": {"executed_lines": [1, 3, 4, 5, 6, 8, 9], "summary": {"covered_lines": 6, "num_statements": 6, "percent_covered": 100.0, "percent_covered_display": "100", "missing_lines": 0, "excluded_lines": 0}, "missing_lines": [], "excluded_lines": []}}, "classes": {"": {"executed_lines": [1, 3, 4, 5, 6, 8, 9], "summary": {"covered_lines": 6, "num_statements": 6, "percent_covered": 100.0, "percent_covered_display": "100", "missing_lines": 0, "excluded_lines": 0}, "missing_lines": [], "excluded_lines": []}}}, "src/pihole_mcp_server/cli.py": {"executed_lines": [1, 3, 4, 5, 6, 8, 9, 10, 11, 12, 13, 14, 16, 22, 24, 27, 30, 31, 32, 33, 34, 35, 36, 37, 38, 42, 43, 44, 45, 46, 47, 48, 49, 50, 51, 52, 53, 54, 56, 59, 60, 61, 66, 67, 96, 97, 100, 101, 106, 107, 110, 114, 115, 118, 121, 122, 123, 135, 136, 138, 139, 140, 144, 145, 148, 156, 159, 162, 173, 175, 176, 177, 178, 179, 181, 184, 185, 186, 187, 188, 189, 191, 194, 195, 197, 198, 201, 202, 210, 213, 218, 219, 220, 221, 231, 232, 233, 235, 240, 241, 244, 245, 247, 250, 251, 252, 254, 255, 256, 257, 258, 259, 260, 261, 262, 263, 264, 265, 266, 267, 269, 272, 275, 276, 278, 279, 280, 281, 282, 284, 287, 288, 289, 290, 300, 301, 302, 304, 306, 311, 312, 314, 315, 316, 317, 319, 323, 326, 327, 328, 329, 338, 339, 340, 342, 344, 345, 347, 348, 351, 352, 357, 362, 363, 364, 375, 376, 377, 379, 380, 381, 383, 384, 385, 386, 387, 388, 389, 390, 392, 393, 394, 396, 397, 398, 400, 401, 407, 408, 409, 410, 420, 422, 423, 424, 426, 427, 428, 431, 432, 433, 434, 435, 440, 441, 444, 445, 446, 447, 456, 458, 461, 462, 464, 465, 466, 469, 471, 473, 474, 475, 476, 479, 480, 482, 483, 484, 485, 486, 487, 491, 496, 498, 501], "summary": {"covered_lines": 233, "num_statements": 247, "percent_covered": 94.33198380566802, "percent_covered_display": "94", "missing_lines": 14, "excluded_lines": 0}, "missing_lines": [141, 157, 206, 207, 208, 320, 321, 403, 404, 436, 438, 492, 493, 502], "excluded_lines": [], "functions": {"handle_errors": {"executed_lines": [30, 31, 56], "summary": {"covered_lines": 3, "num_statements": 3, "percent_covered": 100.0, "percent_covered_display": "100", "missing_lines": 0, "excluded_lines": 0}, "missing_lines": [], "excluded_lines": []}, "handle_errors.wrapper": {"executed_lines": [32, 33, 34, 35, 36, 37, 38, 42, 43, 44, 45, 46, 47, 48, 49, 50, 51, 52, 53, 54], "summary": {"covered_lines": 20, "num_statements": 20, "percent_covered": 100.0, "percent_covered_display": "100", "missing_lines": 0, "excluded_lines": 0}, "missing_lines": [], "excluded_lines": []}, "cli": {"executed_lines": [96, 97], "summary": {"covered_lines": 2, "num_statements": 2, "percent_covered": 100.0, "percent_covered_display": "100", "missing_lines": 0, "excluded_lines": 0}, "missing_lines": [], "excluded_lines": []}, "login": {"executed_lines": [135, 136, 138, 139, 140, 144, 145, 148, 156, 159, 162, 173, 175, 176, 177, 178, 179, 181, 184, 185, 186, 187, 188, 189, 191, 194, 195, 197, 198, 201, 202, 210, 213], "summary": {"covered_lines": 33, "num_statements": 38, "percent_covered": 86.84210526315789, "percent_covered_display": "87", "missing_lines": 5, "excluded_lines": 0}, "missing_lines": [141, 157, 206, 207, 208], "excluded_lines": []}, "status": {"executed_lines": [231, 232, 233, 235, 240, 241, 244, 245, 247, 250, 251, 252, 254, 255, 256, 257, 258, 259, 260, 261, 262, 263, 264, 265, 266, 267, 269, 272, 275, 276, 278, 279, 280, 281, 282, 284], "summary": {"covered_lines": 36, "num_statements": 36, "percent_covered": 100.0, "percent_covered_display": "100", "missing_lines": 0, "excluded_lines": 0}, "missing_lines": [], "excluded_lines": []}, "test": {"executed_lines": [300, 301, 302, 304, 306, 311, 312, 314, 315, 316, 317, 319, 323], "summary": {"covered_lines": 13, "num_statements": 15, "percent_covered": 86.66666666666667, "percent_covered_display": "87", "missing_lines": 2, "excluded_lines": 0}, "missing_lines": [320, 321], "excluded_lines": []}, "enable": {"executed_lines": [338, 339, 340, 342, 344, 345, 347, 348], "summary": {"covered_lines": 8, "num_statements": 8, "percent_covered": 100.0, "percent_covered_display": "100", "missing_lines": 0, "excluded_lines": 0}, "missing_lines": [], "excluded_lines": []}, "disable": {"executed_lines": [375, 376, 377, 379, 380, 381, 383, 384, 385, 386, 387, 388, 389, 390, 392, 393, 394, 396, 397, 398, 400, 401], "summary": {"covered_lines": 22, "num_statements": 24, "percent_covered": 91.66666666666667, "percent_covered_display": "92", "missing_lines": 2, "excluded_lines": 0}, "missing_lines": [403, 404], "excluded_lines": []}, "logout": {"executed_lines": [420, 422, 423, 424, 426, 427, 428, 431, 432, 433, 434, 435, 440, 441], "summary": {"covered_lines": 14, "num_statements": 16, "percent_covered": 87.5, "percent_covered_display": "88", "missing_lines": 2, "excluded_lines": 0}, "missing_lines": [436, 438], "excluded_lines": []}, "info": {"executed_lines": [456, 458, 461, 462, 464, 465, 466, 469, 471, 473, 474, 475, 476, 479, 480, 482, 483, 484, 485, 486, 487, 491], "summary": {"covered_lines": 22, "num_statements": 24, "percent_covered": 91.66666666666667, "percent_covered_display": "92", "missing_lines": 2, "excluded_lines": 0}, "missing_lines": [492, 493], "excluded_lines": []}, "main": {"executed_lines": [498], "summary": {"covered_lines": 1, "num_statements": 1, "percent_covered": 100.0, "percent_covered_display": "100", "missing_lines": 0, "excluded_lines": 0}, "missing_lines": [], "excluded_lines": []}, "": {"executed_lines": [1, 3, 4, 5, 6, 8, 9, 10, 11, 12, 13, 14, 16, 22, 24, 27, 59, 60, 61, 66, 67, 100, 101, 106, 107, 110, 114, 115, 118, 121, 122, 123, 218, 219, 220, 221, 287, 288, 289, 290, 326, 327, 328, 329, 351, 352, 357, 362, 363, 364, 407, 408, 409, 410, 444, 445, 446, 447, 496, 501], "summary": {"covered_lines": 59, "num_statements": 60, "percent_covered": 98.33333333333333, "percent_covered_display": "98", "missing_lines": 1, "excluded_lines": 0}, "missing_lines": [502], "excluded_lines": []}}, "classes": {"": {"executed_lines": [1, 3, 4, 5, 6, 8, 9, 10, 11, 12, 13, 14, 16, 22, 24, 27, 30, 31, 32, 33, 34, 35, 36, 37, 38, 42, 43, 44, 45, 46, 47, 48, 49, 50, 51, 52, 53, 54, 56, 59, 60, 61, 66, 67, 96, 97, 100, 101, 106, 107, 110, 114, 115, 118, 121, 122, 123, 135, 136, 138, 139, 140, 144, 145, 148, 156, 159, 162, 173, 175, 176, 177, 178, 179, 181, 184, 185, 186, 187, 188, 189, 191, 194, 195, 197, 198, 201, 202, 210, 213, 218, 219, 220, 221, 231, 232, 233, 235, 240, 241, 244, 245, 247, 250, 251, 252, 254, 255, 256, 257, 258, 259, 260, 261, 262, 263, 264, 265, 266, 267, 269, 272, 275, 276, 278, 279, 280, 281, 282, 284, 287, 288, 289, 290, 300, 301, 302, 304, 306, 311, 312, 314, 315, 316, 317, 319, 323, 326, 327, 328, 329, 338, 339, 340, 342, 344, 345, 347, 348, 351, 352, 357, 362, 363, 364, 375, 376, 377, 379, 380, 381, 383, 384, 385, 386, 387, 388, 389, 390, 392, 393, 394, 396, 397, 398, 400, 401, 407, 408, 409, 410, 420, 422, 423, 424, 426, 427, 428, 431, 432, 433, 434, 435, 440, 441, 444, 445, 446, 447, 456, 458, 461, 462, 464, 465, 466, 469, 471, 473, 474, 475, 476, 479, 480, 482, 483, 484, 485, 486, 487, 491, 496, 498, 501], "summary": {"covered_lines": 233, "num_statements": 247, "percent_covered": 94.33198380566802, "percent_covered_display": "94", "missing_lines": 14, "excluded_lines": 0}, "missing_lines": [141, 157, 206, 207, 208, 320, 321, 403, 404, 436, 438, 492, 493, 502], "excluded_lines": []}}}, "src/pihole_mcp_server/credential_manager.py": {"executed_lines": [1, 3, 4, 5, 6, 7, 8, 9, 10, 12, 13, 14, 15, 16, 18, 21, 22, 23, 25, 26, 27, 28, 29, 30, 31, 32, 34, 36, 47, 48, 50, 62, 63, 65, 68, 69, 71, 74, 75, 77, 80, 81, 83, 86, 87, 89, 95, 96, 98, 99, 100, 103, 105, 107, 110, 111, 112, 114, 116, 118, 124, 126, 136, 137, 138, 140, 142, 147, 161, 162, 163, 164, 166, 167, 169, 170, 171, 173, 176, 179, 180, 181, 182, 187, 188, 189, 190, 195, 196, 198, 200, 209, 210, 211, 212, 213, 214, 216, 222, 223, 224, 225, 226, 227, 228, 229, 231, 237, 238, 239, 240, 241, 243, 252, 253, 254, 255, 257, 258, 261, 263, 264, 266, 275, 276, 278, 279, 280, 282, 283, 287, 288, 290, 291, 293, 299, 300, 301, 302, 303, 304, 306, 316, 317, 320, 322, 333, 334, 335, 338, 339, 340, 342, 344, 347, 350, 352, 358, 359, 360, 361, 362, 364, 374, 375, 377, 386, 387, 389, 390], "summary": {"covered_lines": 163, "num_statements": 167, "percent_covered": 97.60479041916167, "percent_covered_display": "98", "missing_lines": 4, "excluded_lines": 0}, "missing_lines": [183, 184, 191, 192], "excluded_lines": [], "functions": {"StoredCredentials.to_pihole_config": {"executed_lines": [36], "summary": {"covered_lines": 1, "num_statements": 1, "percent_covered": 100.0, "percent_covered_display": "100", "missing_lines": 0, "excluded_lines": 0}, "missing_lines": [], "excluded_lines": []}, "StoredCredentials.from_pihole_config": {"executed_lines": [50], "summary": {"covered_lines": 1, "num_statements": 1, "percent_covered": 100.0, "percent_covered_display": "100", "missing_lines": 0, "excluded_lines": 0}, "missing_lines": [], "excluded_lines": []}, "CredentialManager.__init__": {"executed_lines": [95, 96, 98, 99, 100, 103], "summary": {"covered_lines": 6, "num_statements": 6, "percent_covered": 100.0, "percent_covered_display": "100", "missing_lines": 0, "excluded_lines": 0}, "missing_lines": [], "excluded_lines": []}, "CredentialManager._ensure_config_dir": {"executed_lines": [107, 110, 111, 112, 114], "summary": {"covered_lines": 5, "num_statements": 5, "percent_covered": 100.0, "percent_covered_display": "100", "missing_lines": 0, "excluded_lines": 0}, "missing_lines": [], "excluded_lines": []}, "CredentialManager._derive_key": {"executed_lines": [118, 124], "summary": {"covered_lines": 2, "num_statements": 2, "percent_covered": 100.0, "percent_covered_display": "100", "missing_lines": 0, "excluded_lines": 0}, "missing_lines": [], "excluded_lines": []}, "CredentialManager._encrypt_data": {"executed_lines": [136, 137, 138, 140, 142], "summary": {"covered_lines": 5, "num_statements": 5, "percent_covered": 100.0, "percent_covered_display": "100", "missing_lines": 0, "excluded_lines": 0}, "missing_lines": [], "excluded_lines": []}, "CredentialManager._decrypt_data": {"executed_lines": [161, 162, 163, 164, 166, 167, 169, 170, 171], "summary": {"covered_lines": 9, "num_statements": 9, "percent_covered": 100.0, "percent_covered_display": "100", "missing_lines": 0, "excluded_lines": 0}, "missing_lines": [], "excluded_lines": []}, "CredentialManager._get_machine_id": {"executed_lines": [176, 179, 180, 181, 182, 187, 188, 189, 190, 195, 196, 198], "summary": {"covered_lines": 12, "num_statements": 16, "percent_covered": 75.0, "percent_covered_display": "75", "missing_lines": 4, "excluded_lines": 0}, "missing_lines": [183, 184, 191, 192], "excluded_lines": []}, "CredentialManager._try_keyring_storage": {"executed_lines": [209, 210, 211, 212, 213, 214], "summary": {"covered_lines": 6, "num_statements": 6, "percent_covered": 100.0, "percent_covered_display": "100", "missing_lines": 0, "excluded_lines": 0}, "missing_lines": [], "excluded_lines": []}, "CredentialManager._try_keyring_retrieval": {"executed_lines": [222, 223, 224, 225, 226, 227, 228, 229], "summary": {"covered_lines": 8, "num_statements": 8, "percent_covered": 100.0, "percent_covered_display": "100", "missing_lines": 0, "excluded_lines": 0}, "missing_lines": [], "excluded_lines": []}, "CredentialManager._try_keyring_deletion": {"executed_lines": [237, 238, 239, 240, 241], "summary": {"covered_lines": 5, "num_statements": 5, "percent_covered": 100.0, "percent_covered_display": "100", "missing_lines": 0, "excluded_lines": 0}, "missing_lines": [], "excluded_lines": []}, "CredentialManager._store_file_credentials": {"executed_lines": [252, 253, 254, 255, 257, 258, 261, 263, 264], "summary": {"covered_lines": 9, "num_statements": 9, "percent_covered": 100.0, "percent_covered_display": "100", "missing_lines": 0, "excluded_lines": 0}, "missing_lines": [], "excluded_lines": []}, "CredentialManager._load_file_credentials": {"executed_lines": [275, 276, 278, 279, 280, 282, 283, 287, 288, 290, 291], "summary": {"covered_lines": 11, "num_statements": 11, "percent_covered": 100.0, "percent_covered_display": "100", "missing_lines": 0, "excluded_lines": 0}, "missing_lines": [], "excluded_lines": []}, "CredentialManager._delete_file_credentials": {"executed_lines": [299, 300, 301, 302, 303, 304], "summary": {"covered_lines": 6, "num_statements": 6, "percent_covered": 100.0, "percent_covered_display": "100", "missing_lines": 0, "excluded_lines": 0}, "missing_lines": [], "excluded_lines": []}, "CredentialManager.store_credentials": {"executed_lines": [316, 317, 320], "summary": {"covered_lines": 3, "num_statements": 3, "percent_covered": 100.0, "percent_covered_display": "100", "missing_lines": 0, "excluded_lines": 0}, "missing_lines": [], "excluded_lines": []}, "CredentialManager.load_credentials": {"executed_lines": [333, 334, 335, 338, 339, 340, 342], "summary": {"covered_lines": 7, "num_statements": 7, "percent_covered": 100.0, "percent_covered_display": "100", "missing_lines": 0, "excluded_lines": 0}, "missing_lines": [], "excluded_lines": []}, "CredentialManager.delete_credentials": {"executed_lines": [347, 350], "summary": {"covered_lines": 2, "num_statements": 2, "percent_covered": 100.0, "percent_covered_display": "100", "missing_lines": 0, "excluded_lines": 0}, "missing_lines": [], "excluded_lines": []}, "CredentialManager.has_credentials": {"executed_lines": [358, 359, 360, 361, 362], "summary": {"covered_lines": 5, "num_statements": 5, "percent_covered": 100.0, "percent_covered_display": "100", "missing_lines": 0, "excluded_lines": 0}, "missing_lines": [], "excluded_lines": []}, "CredentialManager.get_pihole_config": {"executed_lines": [374, 375], "summary": {"covered_lines": 2, "num_statements": 2, "percent_covered": 100.0, "percent_covered_display": "100", "missing_lines": 0, "excluded_lines": 0}, "missing_lines": [], "excluded_lines": []}, "CredentialManager.store_pihole_config": {"executed_lines": [386, 387, 389, 390], "summary": {"covered_lines": 4, "num_statements": 4, "percent_covered": 100.0, "percent_covered_display": "100", "missing_lines": 0, "excluded_lines": 0}, "missing_lines": [], "excluded_lines": []}, "": {"executed_lines": [1, 3, 4, 5, 6, 7, 8, 9, 10, 12, 13, 14, 15, 16, 18, 21, 22, 23, 25, 26, 27, 28, 29, 30, 31, 32, 34, 47, 48, 62, 63, 65, 68, 69, 71, 74, 75, 77, 80, 81, 83, 86, 87, 89, 105, 116, 126, 147, 173, 200, 216, 231, 243, 266, 293, 306, 322, 344, 352, 364, 377], "summary": {"covered_lines": 54, "num_statements": 54, "percent_covered": 100.0, "percent_covered_display": "100", "missing_lines": 0, "excluded_lines": 0}, "missing_lines": [], "excluded_lines": []}}, "classes": {"StoredCredentials": {"executed_lines": [36, 50], "summary": {"covered_lines": 2, "num_statements": 2, "percent_covered": 100.0, "percent_covered_display": "100", "missing_lines": 0, "excluded_lines": 0}, "missing_lines": [], "excluded_lines": []}, "CredentialError": {"executed_lines": [], "summary": {"covered_lines": 0, "num_statements": 0, "percent_covered": 100.0, "percent_covered_display": "100", "missing_lines": 0, "excluded_lines": 0}, "missing_lines": [], "excluded_lines": []}, "CredentialNotFoundError": {"executed_lines": [], "summary": {"covered_lines": 0, "num_statements": 0, "percent_covered": 100.0, "percent_covered_display": "100", "missing_lines": 0, "excluded_lines": 0}, "missing_lines": [], "excluded_lines": []}, "CredentialStorageError": {"executed_lines": [], "summary": {"covered_lines": 0, "num_statements": 0, "percent_covered": 100.0, "percent_covered_display": "100", "missing_lines": 0, "excluded_lines": 0}, "missing_lines": [], "excluded_lines": []}, "CredentialDecryptionError": {"executed_lines": [], "summary": {"covered_lines": 0, "num_statements": 0, "percent_covered": 100.0, "percent_covered_display": "100", "missing_lines": 0, "excluded_lines": 0}, "missing_lines": [], "excluded_lines": []}, "CredentialManager": {"executed_lines": [95, 96, 98, 99, 100, 103, 107, 110, 111, 112, 114, 118, 124, 136, 137, 138, 140, 142, 161, 162, 163, 164, 166, 167, 169, 170, 171, 176, 179, 180, 181, 182, 187, 188, 189, 190, 195, 196, 198, 209, 210, 211, 212, 213, 214, 222, 223, 224, 225, 226, 227, 228, 229, 237, 238, 239, 240, 241, 252, 253, 254, 255, 257, 258, 261, 263, 264, 275, 276, 278, 279, 280, 282, 283, 287, 288, 290, 291, 299, 300, 301, 302, 303, 304, 316, 317, 320, 333, 334, 335, 338, 339, 340, 342, 347, 350, 358, 359, 360, 361, 362, 374, 375, 386, 387, 389, 390], "summary": {"covered_lines": 107, "num_statements": 111, "percent_covered": 96.3963963963964, "percent_covered_display": "96", "missing_lines": 4, "excluded_lines": 0}, "missing_lines": [183, 184, 191, 192], "excluded_lines": []}, "": {"executed_lines": [1, 3, 4, 5, 6, 7, 8, 9, 10, 12, 13, 14, 15, 16, 18, 21, 22, 23, 25, 26, 27, 28, 29, 30, 31, 32, 34, 47, 48, 62, 63, 65, 68, 69, 71, 74, 75, 77, 80, 81, 83, 86, 87, 89, 105, 116, 126, 147, 173, 200, 216, 231, 243, 266, 293, 306, 322, 344, 352, 364, 377], "summary": {"covered_lines": 54, "num_statements": 54, "percent_covered": 100.0, "percent_covered_display": "100", "missing_lines": 0, "excluded_lines": 0}, "missing_lines": [], "excluded_lines": []}}}, "src/pihole_mcp_server/pihole_client.py": {"executed_lines": [1, 3, 4, 5, 6, 7, 8, 9, 11, 12, 13, 16, 17, 19, 20, 21, 22, 25, 26, 27, 28, 32, 33, 35, 36, 37, 39, 40, 42, 43, 44, 46, 47, 49, 50, 52, 54, 55, 57, 60, 61, 63, 64, 65, 68, 69, 70, 73, 74, 75, 76, 77, 78, 81, 82, 83, 84, 85, 88, 89, 91, 94, 95, 97, 100, 101, 103, 106, 107, 109, 112, 113, 115, 121, 122, 123, 124, 125, 126, 129, 132, 133, 135, 137, 139, 140, 143, 144, 146, 148, 151, 158, 159, 160, 165, 167, 168, 170, 171, 172, 175, 176, 177, 178, 181, 182, 185, 186, 187, 193, 195, 196, 197, 201, 207, 208, 211, 212, 213, 214, 218, 219, 220, 222, 228, 229, 230, 236, 238, 244, 245, 247, 253, 254, 256, 257, 259, 260, 265, 266, 267, 268, 269, 271, 272, 273, 276, 277, 279, 284, 285, 287, 288, 289, 290, 291, 307, 316, 317, 319, 322, 324, 347, 349, 350, 351, 354, 355, 357, 360, 361, 364, 366, 367, 368, 369, 370, 371, 372, 373, 374, 375, 376, 377, 379, 380, 382, 385, 386, 390, 391, 394, 395, 396, 397, 398, 399, 400, 401, 403, 404, 405, 408, 409, 411, 412, 413, 416, 417, 433, 434, 435, 436, 437, 438, 439, 441, 445, 448, 452, 453, 454, 455, 458, 459, 460, 461, 462, 463, 467, 470, 472, 476, 485, 486, 488, 490, 501, 502, 504, 507, 509, 510, 515, 516, 517, 518, 529, 530, 531, 551, 553, 563, 564, 566, 577, 580, 581, 583, 584, 586, 588, 602, 603, 604, 606, 609, 610, 612, 613, 615, 617, 631, 632, 634, 635, 637, 647, 650, 651, 652, 654, 656, 662, 664, 665, 673, 674, 678, 679, 680, 682, 688, 691, 692, 693, 695, 696, 698, 700, 702, 705, 706, 711, 717, 718, 719, 722], "summary": {"covered_lines": 300, "num_statements": 358, "percent_covered": 83.79888268156425, "percent_covered_display": "84", "missing_lines": 58, "excluded_lines": 0}, "missing_lines": [149, 161, 163, 189, 191, 198, 199, 223, 225, 233, 234, 235, 239, 241, 281, 282, 292, 294, 295, 296, 297, 298, 299, 301, 302, 303, 304, 305, 318, 358, 378, 387, 425, 442, 443, 444, 449, 450, 464, 465, 466, 473, 474, 475, 480, 512, 519, 521, 522, 523, 524, 526, 541, 667, 668, 670, 707, 709], "excluded_lines": [], "functions": {"PiHoleConfig.validate_host": {"executed_lines": [35, 36, 37], "summary": {"covered_lines": 3, "num_statements": 3, "percent_covered": 100.0, "percent_covered_display": "100", "missing_lines": 0, "excluded_lines": 0}, "missing_lines": [], "excluded_lines": []}, "PiHoleConfig.validate_port": {"executed_lines": [42, 43, 44], "summary": {"covered_lines": 3, "num_statements": 3, "percent_covered": 100.0, "percent_covered_display": "100", "missing_lines": 0, "excluded_lines": 0}, "missing_lines": [], "excluded_lines": []}, "PiHoleConfig.base_url": {"executed_lines": [49, 50], "summary": {"covered_lines": 2, "num_statements": 2, "percent_covered": 100.0, "percent_covered_display": "100", "missing_lines": 0, "excluded_lines": 0}, "missing_lines": [], "excluded_lines": []}, "PiHoleConfig.get_api_url": {"executed_lines": [54, 55, 57], "summary": {"covered_lines": 3, "num_statements": 3, "percent_covered": 100.0, "percent_covered_display": "100", "missing_lines": 0, "excluded_lines": 0}, "missing_lines": [], "excluded_lines": []}, "PiHoleClient.__init__": {"executed_lines": [121, 122, 123, 124, 125, 126, 129, 132, 133, 135], "summary": {"covered_lines": 10, "num_statements": 10, "percent_covered": 100.0, "percent_covered_display": "100", "missing_lines": 0, "excluded_lines": 0}, "missing_lines": [], "excluded_lines": []}, "PiHoleClient._get_session_cache_file": {"executed_lines": [139, 140, 143, 144], "summary": {"covered_lines": 4, "num_statements": 4, "percent_covered": 100.0, "percent_covered_display": "100", "missing_lines": 0, "excluded_lines": 0}, "missing_lines": [], "excluded_lines": []}, "PiHoleClient._save_session_cache": {"executed_lines": [148, 151, 158, 159, 160], "summary": {"covered_lines": 5, "num_statements": 8, "percent_covered": 62.5, "percent_covered_display": "62", "missing_lines": 3, "excluded_lines": 0}, "missing_lines": [149, 161, 163], "excluded_lines": []}, "PiHoleClient._load_cached_session": {"executed_lines": [167, 168, 170, 171, 172, 175, 176, 177, 178, 181, 182, 185, 186, 187], "summary": {"covered_lines": 14, "num_statements": 16, "percent_covered": 87.5, "percent_covered_display": "88", "missing_lines": 2, "excluded_lines": 0}, "missing_lines": [189, 191], "excluded_lines": []}, "PiHoleClient._clear_session_cache": {"executed_lines": [195, 196, 197], "summary": {"covered_lines": 3, "num_statements": 5, "percent_covered": 60.0, "percent_covered_display": "60", "missing_lines": 2, "excluded_lines": 0}, "missing_lines": [198, 199], "excluded_lines": []}, "PiHoleClient._detect_api_version": {"executed_lines": [207, 208, 211, 212, 213, 214, 218, 219, 220, 222, 228, 229, 230, 236, 238, 244, 245], "summary": {"covered_lines": 17, "num_statements": 24, "percent_covered": 70.83333333333333, "percent_covered_display": "71", "missing_lines": 7, "excluded_lines": 0}, "missing_lines": [223, 225, 233, 234, 235, 239, 241], "excluded_lines": []}, "PiHoleClient._authenticate_modern": {"executed_lines": [253, 254, 256, 257, 259, 260, 265, 266, 267, 268, 269, 271, 272, 273, 276, 277, 279, 284, 285, 287, 288, 289, 290, 291], "summary": {"covered_lines": 24, "num_statements": 38, "percent_covered": 63.1578947368421, "percent_covered_display": "63", "missing_lines": 14, "excluded_lines": 0}, "missing_lines": [281, 282, 292, 294, 295, 296, 297, 298, 299, 301, 302, 303, 304, 305], "excluded_lines": []}, "PiHoleClient._ensure_authentication": {"executed_lines": [316, 317, 319, 322], "summary": {"covered_lines": 4, "num_statements": 5, "percent_covered": 80.0, "percent_covered_display": "80", "missing_lines": 1, "excluded_lines": 0}, "missing_lines": [318], "excluded_lines": []}, "PiHoleClient._make_request": {"executed_lines": [347, 349, 350, 351, 354, 355, 357, 360, 361, 364, 366, 367, 368, 369, 370, 371, 372, 373, 374, 375, 376, 377, 379, 380, 382, 385, 386, 390, 391, 394, 395, 396, 397, 398, 399, 400, 401, 403, 404, 405, 408, 409, 411, 412, 413, 416, 417, 433, 434, 435, 436, 437, 438, 439, 441, 445, 448, 452, 453, 454, 455, 458, 459, 460, 461, 462, 463, 467, 470, 472, 476, 485, 486, 488], "summary": {"covered_lines": 74, "num_statements": 90, "percent_covered": 82.22222222222223, "percent_covered_display": "82", "missing_lines": 16, "excluded_lines": 0}, "missing_lines": [358, 378, 387, 425, 442, 443, 444, 449, 450, 464, 465, 466, 473, 474, 475, 480], "excluded_lines": []}, "PiHoleClient.get_status": {"executed_lines": [501, 502, 504, 507, 509, 510, 515, 516, 517, 518, 529, 530, 531, 551], "summary": {"covered_lines": 14, "num_statements": 22, "percent_covered": 63.63636363636363, "percent_covered_display": "64", "missing_lines": 8, "excluded_lines": 0}, "missing_lines": [512, 519, 521, 522, 523, 524, 526, 541], "excluded_lines": []}, "PiHoleClient.is_enabled": {"executed_lines": [563, 564], "summary": {"covered_lines": 2, "num_statements": 2, "percent_covered": 100.0, "percent_covered_display": "100", "missing_lines": 0, "excluded_lines": 0}, "missing_lines": [], "excluded_lines": []}, "PiHoleClient.enable": {"executed_lines": [577, 580, 581, 583, 584, 586], "summary": {"covered_lines": 6, "num_statements": 6, "percent_covered": 100.0, "percent_covered_display": "100", "missing_lines": 0, "excluded_lines": 0}, "missing_lines": [], "excluded_lines": []}, "PiHoleClient.disable": {"executed_lines": [602, 603, 604, 606, 609, 610, 612, 613, 615], "summary": {"covered_lines": 9, "num_statements": 9, "percent_covered": 100.0, "percent_covered_display": "100", "missing_lines": 0, "excluded_lines": 0}, "missing_lines": [], "excluded_lines": []}, "PiHoleClient.disable_for_minutes": {"executed_lines": [631, 632, 634, 635], "summary": {"covered_lines": 4, "num_statements": 4, "percent_covered": 100.0, "percent_covered_display": "100", "missing_lines": 0, "excluded_lines": 0}, "missing_lines": [], "excluded_lines": []}, "PiHoleClient.get_version": {"executed_lines": [647, 650, 651, 652, 654], "summary": {"covered_lines": 5, "num_statements": 5, "percent_covered": 100.0, "percent_covered_display": "100", "missing_lines": 0, "excluded_lines": 0}, "missing_lines": [], "excluded_lines": []}, "PiHoleClient.test_connection": {"executed_lines": [662, 664, 665, 673, 674, 678, 679, 680], "summary": {"covered_lines": 8, "num_statements": 11, "percent_covered": 72.72727272727273, "percent_covered_display": "73", "missing_lines": 3, "excluded_lines": 0}, "missing_lines": [667, 668, 670], "excluded_lines": []}, "PiHoleClient.test_authentication": {"executed_lines": [688, 691, 692, 693, 695, 696, 698, 700, 702, 705, 706], "summary": {"covered_lines": 11, "num_statements": 13, "percent_covered": 84.61538461538461, "percent_covered_display": "85", "missing_lines": 2, "excluded_lines": 0}, "missing_lines": [707, 709], "excluded_lines": []}, "PiHoleClient.logout": {"executed_lines": [717, 718, 719, 722], "summary": {"covered_lines": 4, "num_statements": 4, "percent_covered": 100.0, "percent_covered_display": "100", "missing_lines": 0, "excluded_lines": 0}, "missing_lines": [], "excluded_lines": []}, "": {"executed_lines": [1, 3, 4, 5, 6, 7, 8, 9, 11, 12, 13, 16, 17, 19, 20, 21, 22, 25, 26, 27, 28, 32, 33, 39, 40, 46, 47, 52, 60, 61, 63, 64, 65, 68, 69, 70, 73, 74, 75, 76, 77, 78, 81, 82, 83, 84, 85, 88, 89, 91, 94, 95, 97, 100, 101, 103, 106, 107, 109, 112, 113, 115, 137, 146, 165, 193, 201, 247, 307, 324, 490, 553, 566, 588, 617, 637, 656, 682, 711], "summary": {"covered_lines": 71, "num_statements": 71, "percent_covered": 100.0, "percent_covered_display": "100", "missing_lines": 0, "excluded_lines": 0}, "missing_lines": [], "excluded_lines": []}}, "classes": {"PiHoleConfig": {"executed_lines": [35, 36, 37, 42, 43, 44, 49, 50, 54, 55, 57], "summary": {"covered_lines": 11, "num_statements": 11, "percent_covered": 100.0, "percent_covered_display": "100", "missing_lines": 0, "excluded_lines": 0}, "missing_lines": [], "excluded_lines": []}, "PiHoleStatus": {"executed_lines": [], "summary": {"covered_lines": 0, "num_statements": 0, "percent_covered": 100.0, "percent_covered_display": "100", "missing_lines": 0, "excluded_lines": 0}, "missing_lines": [], "excluded_lines": []}, "PiHoleError": {"executed_lines": [], "summary": {"covered_lines": 0, "num_statements": 0, "percent_covered": 100.0, "percent_covered_display": "100", "missing_lines": 0, "excluded_lines": 0}, "missing_lines": [], "excluded_lines": []}, "PiHoleConnectionError": {"executed_lines": [], "summary": {"covered_lines": 0, "num_statements": 0, "percent_covered": 100.0, "percent_covered_display": "100", "missing_lines": 0, "excluded_lines": 0}, "missing_lines": [], "excluded_lines": []}, "PiHoleAPIError": {"executed_lines": [], "summary": {"covered_lines": 0, "num_statements": 0, "percent_covered": 100.0, "percent_covered_display": "100", "missing_lines": 0, "excluded_lines": 0}, "missing_lines": [], "excluded_lines": []}, "PiHoleAuthenticationError": {"executed_lines": [], "summary": {"covered_lines": 0, "num_statements": 0, "percent_covered": 100.0, "percent_covered_display": "100", "missing_lines": 0, "excluded_lines": 0}, "missing_lines": [], "excluded_lines": []}, "PiHoleClient": {"executed_lines": [121, 122, 123, 124, 125, 126, 129, 132, 133, 135, 139, 140, 143, 144, 148, 151, 158, 159, 160, 167, 168, 170, 171, 172, 175, 176, 177, 178, 181, 182, 185, 186, 187, 195, 196, 197, 207, 208, 211, 212, 213, 214, 218, 219, 220, 222, 228, 229, 230, 236, 238, 244, 245, 253, 254, 256, 257, 259, 260, 265, 266, 267, 268, 269, 271, 272, 273, 276, 277, 279, 284, 285, 287, 288, 289, 290, 291, 316, 317, 319, 322, 347, 349, 350, 351, 354, 355, 357, 360, 361, 364, 366, 367, 368, 369, 370, 371, 372, 373, 374, 375, 376, 377, 379, 380, 382, 385, 386, 390, 391, 394, 395, 396, 397, 398, 399, 400, 401, 403, 404, 405, 408, 409, 411, 412, 413, 416, 417, 433, 434, 435, 436, 437, 438, 439, 441, 445, 448, 452, 453, 454, 455, 458, 459, 460, 461, 462, 463, 467, 470, 472, 476, 485, 486, 488, 501, 502, 504, 507, 509, 510, 515, 516, 517, 518, 529, 530, 531, 551, 563, 564, 577, 580, 581, 583, 584, 586, 602, 603, 604, 606, 609, 610, 612, 613, 615, 631, 632, 634, 635, 647, 650, 651, 652, 654, 662, 664, 665, 673, 674, 678, 679, 680, 688, 691, 692, 693, 695, 696, 698, 700, 702, 705, 706, 717, 718, 719, 722], "summary": {"covered_lines": 218, "num_statements": 276, "percent_covered": 78.98550724637681, "percent_covered_display": "79", "missing_lines": 58, "excluded_lines": 0}, "missing_lines": [149, 161, 163, 189, 191, 198, 199, 223, 225, 233, 234, 235, 239, 241, 281, 282, 292, 294, 295, 296, 297, 298, 299, 301, 302, 303, 304, 305, 318, 358, 378, 387, 425, 442, 443, 444, 449, 450, 464, 465, 466, 473, 474, 475, 480, 512, 519, 521, 522, 523, 524, 526, 541, 667, 668, 670, 707, 709], "excluded_lines": []}, "": {"executed_lines": [1, 3, 4, 5, 6, 7, 8, 9, 11, 12, 13, 16, 17, 19, 20, 21, 22, 25, 26, 27, 28, 32, 33, 39, 40, 46, 47, 52, 60, 61, 63, 64, 65, 68, 69, 70, 73, 74, 75, 76, 77, 78, 81, 82, 83, 84, 85, 88, 89, 91, 94, 95, 97, 100, 101, 103, 106, 107, 109, 112, 113, 115, 137, 146, 165, 193, 201, 247, 307, 324, 490, 553, 566, 588, 617, 637, 656, 682, 711], "summary": {"covered_lines": 71, "num_statements": 71, "percent_covered": 100.0, "percent_covered_display": "100", "missing_lines": 0, "excluded_lines": 0}, "missing_lines": [], "excluded_lines": []}}}, "src/pihole_mcp_server/server.py": {"executed_lines": [1, 3, 4, 5, 6, 7, 9, 10, 11, 12, 20, 22, 23, 27, 28, 31, 32, 33, 36, 37, 39, 41, 42, 43, 46, 48, 51, 52, 113, 114, 137, 139, 140, 141, 142, 144, 146, 148, 149, 151, 152, 156, 158, 159, 160, 161, 164, 166, 167, 168, 169, 170, 171, 172, 173, 174, 175, 176, 177, 178, 179, 181, 183, 184, 186, 188, 189, 190, 191, 192, 193, 198, 200, 201, 203, 205, 206, 207, 208, 209, 211, 212, 213, 214, 215, 216, 218, 219, 221, 222, 227, 229, 232, 234, 235, 236, 237, 239, 241, 242, 244, 246, 247, 249, 251, 252, 253, 254, 255, 257, 259, 260, 262, 264, 265, 267, 269, 270, 272, 274, 276, 277, 279, 289, 304, 306, 309], "summary": {"covered_lines": 124, "num_statements": 156, "percent_covered": 79.48717948717949, "percent_covered_display": "79", "missing_lines": 32, "excluded_lines": 0}, "missing_lines": [54, 116, 118, 120, 121, 122, 123, 124, 125, 126, 127, 128, 129, 131, 133, 134, 135, 230, 281, 282, 291, 292, 293, 294, 295, 296, 297, 298, 299, 300, 301, 310], "excluded_lines": [], "functions": {"PiHoleMCPServer.__init__": {"executed_lines": [41, 42, 43, 46], "summary": {"covered_lines": 4, "num_statements": 4, "percent_covered": 100.0, "percent_covered_display": "100", "missing_lines": 0, "excluded_lines": 0}, "missing_lines": [], "excluded_lines": []}, "PiHoleMCPServer._setup_handlers": {"executed_lines": [51, 52, 113, 114], "summary": {"covered_lines": 4, "num_statements": 4, "percent_covered": 100.0, "percent_covered_display": "100", "missing_lines": 0, "excluded_lines": 0}, "missing_lines": [], "excluded_lines": []}, "PiHoleMCPServer._setup_handlers.list_tools": {"executed_lines": [], "summary": {"covered_lines": 0, "num_statements": 1, "percent_covered": 0.0, "percent_covered_display": "0", "missing_lines": 1, "excluded_lines": 0}, "missing_lines": [54], "excluded_lines": []}, "PiHoleMCPServer._setup_handlers.call_tool": {"executed_lines": [], "summary": {"covered_lines": 0, "num_statements": 16, "percent_covered": 0.0, "percent_covered_display": "0", "missing_lines": 16, "excluded_lines": 0}, "missing_lines": [116, 118, 120, 121, 122, 123, 124, 125, 126, 127, 128, 129, 131, 133, 134, 135], "excluded_lines": []}, "PiHoleMCPServer._initialize_client": {"executed_lines": [139, 140, 141, 142, 144], "summary": {"covered_lines": 5, "num_statements": 5, "percent_covered": 100.0, "percent_covered_display": "100", "missing_lines": 0, "excluded_lines": 0}, "missing_lines": [], "excluded_lines": []}, "PiHoleMCPServer._ensure_client_initialized": {"executed_lines": [148, 149, 151, 152], "summary": {"covered_lines": 4, "num_statements": 4, "percent_covered": 100.0, "percent_covered_display": "100", "missing_lines": 0, "excluded_lines": 0}, "missing_lines": [], "excluded_lines": []}, "PiHoleMCPServer._handle_status": {"executed_lines": [158, 159, 160, 161, 164, 166, 167, 168, 169, 170, 171, 172, 173, 174, 175, 176, 177, 178, 179, 181, 183, 184], "summary": {"covered_lines": 22, "num_statements": 22, "percent_covered": 100.0, "percent_covered_display": "100", "missing_lines": 0, "excluded_lines": 0}, "missing_lines": [], "excluded_lines": []}, "PiHoleMCPServer._handle_enable": {"executed_lines": [188, 189, 190, 191, 192, 193, 198, 200, 201], "summary": {"covered_lines": 9, "num_statements": 9, "percent_covered": 100.0, "percent_covered_display": "100", "missing_lines": 0, "excluded_lines": 0}, "missing_lines": [], "excluded_lines": []}, "PiHoleMCPServer._handle_disable": {"executed_lines": [205, 206, 207, 208, 209, 211, 212, 213, 214, 215, 216, 218, 219, 221, 222, 227, 229], "summary": {"covered_lines": 17, "num_statements": 18, "percent_covered": 94.44444444444444, "percent_covered_display": "94", "missing_lines": 1, "excluded_lines": 0}, "missing_lines": [230], "excluded_lines": []}, "PiHoleMCPServer._handle_version": {"executed_lines": [234, 235, 236, 237, 239, 241, 242, 244, 246, 247], "summary": {"covered_lines": 10, "num_statements": 10, "percent_covered": 100.0, "percent_covered_display": "100", "missing_lines": 0, "excluded_lines": 0}, "missing_lines": [], "excluded_lines": []}, "PiHoleMCPServer._handle_test_connection": {"executed_lines": [251, 252, 253, 254, 255, 257, 259, 260, 262, 264, 265, 267, 269, 270, 272, 274, 276, 277], "summary": {"covered_lines": 18, "num_statements": 18, "percent_covered": 100.0, "percent_covered_display": "100", "missing_lines": 0, "excluded_lines": 0}, "missing_lines": [], "excluded_lines": []}, "PiHoleMCPServer.run": {"executed_lines": [], "summary": {"covered_lines": 0, "num_statements": 2, "percent_covered": 0.0, "percent_covered_display": "0", "missing_lines": 2, "excluded_lines": 0}, "missing_lines": [281, 282], "excluded_lines": []}, "async_main": {"executed_lines": [], "summary": {"covered_lines": 0, "num_statements": 11, "percent_covered": 0.0, "percent_covered_display": "0", "missing_lines": 11, "excluded_lines": 0}, "missing_lines": [291, 292, 293, 294, 295, 296, 297, 298, 299, 300, 301], "excluded_lines": []}, "main": {"executed_lines": [306], "summary": {"covered_lines": 1, "num_statements": 1, "percent_covered": 100.0, "percent_covered_display": "100", "missing_lines": 0, "excluded_lines": 0}, "missing_lines": [], "excluded_lines": []}, "": {"executed_lines": [1, 3, 4, 5, 6, 7, 9, 10, 11, 12, 20, 22, 23, 27, 28, 31, 32, 33, 36, 37, 39, 48, 137, 146, 156, 186, 203, 232, 249, 279, 289, 304, 309], "summary": {"covered_lines": 30, "num_statements": 31, "percent_covered": 96.7741935483871, "percent_covered_display": "97", "missing_lines": 1, "excluded_lines": 0}, "missing_lines": [310], "excluded_lines": []}}, "classes": {"PiHoleToolError": {"executed_lines": [], "summary": {"covered_lines": 0, "num_statements": 0, "percent_covered": 100.0, "percent_covered_display": "100", "missing_lines": 0, "excluded_lines": 0}, "missing_lines": [], "excluded_lines": []}, "PiHoleMCPServer": {"executed_lines": [41, 42, 43, 46, 51, 52, 113, 114, 139, 140, 141, 142, 144, 148, 149, 151, 152, 158, 159, 160, 161, 164, 166, 167, 168, 169, 170, 171, 172, 173, 174, 175, 176, 177, 178, 179, 181, 183, 184, 188, 189, 190, 191, 192, 193, 198, 200, 201, 205, 206, 207, 208, 209, 211, 212, 213, 214, 215, 216, 218, 219, 221, 222, 227, 229, 234, 235, 236, 237, 239, 241, 242, 244, 246, 247, 251, 252, 253, 254, 255, 257, 259, 260, 262, 264, 265, 267, 269, 270, 272, 274, 276, 277], "summary": {"covered_lines": 93, "num_statements": 113, "percent_covered": 82.30088495575221, "percent_covered_display": "82", "missing_lines": 20, "excluded_lines": 0}, "missing_lines": [54, 116, 118, 120, 121, 122, 123, 124, 125, 126, 127, 128, 129, 131, 133, 134, 135, 230, 281, 282], "excluded_lines": []}, "": {"executed_lines": [1, 3, 4, 5, 6, 7, 9, 10, 11, 12, 20, 22, 23, 27, 28, 31, 32, 33, 36, 37, 39, 48, 137, 146, 156, 186, 203, 232, 249, 279, 289, 304, 306, 309], "summary": {"covered_lines": 31, "num_statements": 43, "percent_covered": 72.09302325581395, "percent_covered_display": "72", "missing_lines": 12, "excluded_lines": 0}, "missing_lines": [291, 292, 293, 294, 295, 296, 297, 298, 299, 300, 301, 310], "excluded_lines": []}}}}, "totals": {"covered_lines": 826, "num_statements": 934, "percent_covered": 88.43683083511777, "percent_covered_display": "88", "missing_lines": 108, "excluded_lines": 0}}